2023-12-17 19:52:32.712 [restartedMain] INFO  o.java2.backend.BackendApplication - Starting BackendApplication using Java 17.0.3 with PID 36775 (/Users/user/Library/Mobile Documents/com~apple~CloudDocs/大三上/Java2/Lab/Lab11/CS209-Project/Backend/target/classes started by user in /Users/user/Library/Mobile Documents/com~apple~CloudDocs/大三上/Java2/Lab/Lab11/CS209-Project)
2023-12-17 19:52:32.717 [restartedMain] INFO  o.java2.backend.BackendApplication - No active profile set, falling back to 1 default profile: "default"
2023-12-17 19:52:32.745 [restartedMain] INFO  o.s.b.d.e.DevToolsPropertyDefaultsPostProcessor - Devtools property defaults active! Set 'spring.devtools.add-properties' to 'false' to disable
2023-12-17 19:52:32.745 [restartedMain] INFO  o.s.b.d.e.DevToolsPropertyDefaultsPostProcessor - For additional web related logging consider setting the 'logging.level.web' property to 'DEBUG'
2023-12-17 19:52:33.286 [restartedMain] INFO  o.s.c.s.PostProcessorRegistrationDelegate$BeanPostProcessorChecker - Bean 'org.springframework.ws.config.annotation.DelegatingWsConfiguration' of type [org.springframework.ws.config.annotation.DelegatingWsConfiguration$$SpringCGLIB$$0] is not eligible for getting processed by all BeanPostProcessors (for example: not eligible for auto-proxying)
2023-12-17 19:52:33.299 [restartedMain] INFO  o.s.w.s.a.s.AnnotationActionEndpointMapping - Supporting [WS-Addressing August 2004, WS-Addressing 1.0]
2023-12-17 19:52:33.450 [restartedMain] INFO  o.s.b.w.e.tomcat.TomcatWebServer - Tomcat initialized with port(s): 8082 (http)
2023-12-17 19:52:33.457 [restartedMain] INFO  o.a.catalina.core.StandardService - Starting service [Tomcat]
2023-12-17 19:52:33.458 [restartedMain] INFO  o.a.catalina.core.StandardEngine - Starting Servlet engine: [Apache Tomcat/10.1.16]
2023-12-17 19:52:33.484 [restartedMain] INFO  o.a.c.c.C.[Tomcat].[localhost].[/] - Initializing Spring embedded WebApplicationContext
2023-12-17 19:52:33.484 [restartedMain] INFO  o.s.b.w.s.c.ServletWebServerApplicationContext - Root WebApplicationContext: initialization completed in 739 ms
2023-12-17 19:52:33.676 [restartedMain] WARN  c.b.m.core.metadata.TableInfoHelper - Can not find table primary key in Class: "org.java2.backend.entity.AnswerTagRelation".
2023-12-17 19:52:33.676 [restartedMain] WARN  c.b.m.c.injector.DefaultSqlInjector - class org.java2.backend.entity.AnswerTagRelation ,Not found @TableId annotation, Cannot use Mybatis-Plus 'xxById' Method.
2023-12-17 19:52:33.697 [restartedMain] WARN  c.b.m.core.metadata.TableInfoHelper - Can not find table primary key in Class: "org.java2.backend.entity.QuestionTagRelation".
2023-12-17 19:52:33.697 [restartedMain] WARN  c.b.m.c.injector.DefaultSqlInjector - class org.java2.backend.entity.QuestionTagRelation ,Not found @TableId annotation, Cannot use Mybatis-Plus 'xxById' Method.
2023-12-17 19:52:34.088 [restartedMain] INFO  o.s.b.d.a.OptionalLiveReloadServer - LiveReload server is running on port 35729
2023-12-17 19:52:34.111 [restartedMain] INFO  o.s.b.w.e.tomcat.TomcatWebServer - Tomcat started on port(s): 8082 (http) with context path ''
2023-12-17 19:52:34.118 [restartedMain] INFO  o.java2.backend.BackendApplication - Started BackendApplication in 1.671 seconds (process running for 2.069)
2023-12-17 19:52:34.119 [restartedMain] INFO  org.java2.backend.common.ServerInfo - Server is running at http://localhost:8082
2023-12-17 19:52:34.119 [restartedMain] INFO  org.java2.backend.common.ServerInfo - Swagger is running at http://localhost:8082/swagger-ui/index.html
2023-12-17 20:30:10.793 [restartedMain] INFO  o.java2.backend.BackendApplication - Starting BackendApplication using Java 17.0.3 with PID 38156 (/Users/user/Library/Mobile Documents/com~apple~CloudDocs/大三上/Java2/Lab/Lab11/CS209-Project/Backend/target/classes started by user in /Users/user/Library/Mobile Documents/com~apple~CloudDocs/大三上/Java2/Lab/Lab11/CS209-Project)
2023-12-17 20:30:10.795 [restartedMain] INFO  o.java2.backend.BackendApplication - No active profile set, falling back to 1 default profile: "default"
2023-12-17 20:30:10.816 [restartedMain] INFO  o.s.b.d.e.DevToolsPropertyDefaultsPostProcessor - Devtools property defaults active! Set 'spring.devtools.add-properties' to 'false' to disable
2023-12-17 20:30:10.816 [restartedMain] INFO  o.s.b.d.e.DevToolsPropertyDefaultsPostProcessor - For additional web related logging consider setting the 'logging.level.web' property to 'DEBUG'
2023-12-17 20:30:12.006 [restartedMain] INFO  o.s.c.s.PostProcessorRegistrationDelegate$BeanPostProcessorChecker - Bean 'org.springframework.ws.config.annotation.DelegatingWsConfiguration' of type [org.springframework.ws.config.annotation.DelegatingWsConfiguration$$SpringCGLIB$$0] is not eligible for getting processed by all BeanPostProcessors (for example: not eligible for auto-proxying)
2023-12-17 20:30:12.025 [restartedMain] INFO  o.s.w.s.a.s.AnnotationActionEndpointMapping - Supporting [WS-Addressing August 2004, WS-Addressing 1.0]
2023-12-17 20:30:12.259 [restartedMain] INFO  o.s.b.w.e.tomcat.TomcatWebServer - Tomcat initialized with port(s): 8082 (http)
2023-12-17 20:30:12.269 [restartedMain] INFO  o.a.catalina.core.StandardService - Starting service [Tomcat]
2023-12-17 20:30:12.270 [restartedMain] INFO  o.a.catalina.core.StandardEngine - Starting Servlet engine: [Apache Tomcat/10.1.16]
2023-12-17 20:30:12.302 [restartedMain] INFO  o.a.c.c.C.[Tomcat].[localhost].[/] - Initializing Spring embedded WebApplicationContext
2023-12-17 20:30:12.302 [restartedMain] INFO  o.s.b.w.s.c.ServletWebServerApplicationContext - Root WebApplicationContext: initialization completed in 1486 ms
2023-12-17 20:30:12.585 [restartedMain] WARN  c.b.m.core.metadata.TableInfoHelper - Can not find table primary key in Class: "org.java2.backend.entity.AnswerTagRelation".
2023-12-17 20:30:12.586 [restartedMain] WARN  c.b.m.c.injector.DefaultSqlInjector - class org.java2.backend.entity.AnswerTagRelation ,Not found @TableId annotation, Cannot use Mybatis-Plus 'xxById' Method.
2023-12-17 20:30:12.611 [restartedMain] WARN  c.b.m.core.metadata.TableInfoHelper - Can not find table primary key in Class: "org.java2.backend.entity.QuestionTagRelation".
2023-12-17 20:30:12.612 [restartedMain] WARN  c.b.m.c.injector.DefaultSqlInjector - class org.java2.backend.entity.QuestionTagRelation ,Not found @TableId annotation, Cannot use Mybatis-Plus 'xxById' Method.
2023-12-17 20:30:13.099 [restartedMain] INFO  o.s.b.d.a.OptionalLiveReloadServer - LiveReload server is running on port 35729
2023-12-17 20:30:13.122 [restartedMain] INFO  o.s.b.w.e.tomcat.TomcatWebServer - Tomcat started on port(s): 8082 (http) with context path ''
2023-12-17 20:30:13.128 [restartedMain] INFO  o.java2.backend.BackendApplication - Started BackendApplication in 2.562 seconds (process running for 2.937)
2023-12-17 20:30:13.129 [restartedMain] INFO  org.java2.backend.common.ServerInfo - Server is running at http://localhost:8082
2023-12-17 20:30:13.129 [restartedMain] INFO  org.java2.backend.common.ServerInfo - Swagger is running at http://localhost:8082/swagger-ui/index.html
2023-12-17 20:30:14.723 [http-nio-8082-exec-1] INFO  o.a.c.c.C.[Tomcat].[localhost].[/] - Initializing Spring DispatcherServlet 'dispatcherServlet'
2023-12-17 20:30:14.724 [http-nio-8082-exec-1] INFO  o.s.web.servlet.DispatcherServlet - Initializing Servlet 'dispatcherServlet'
2023-12-17 20:30:14.727 [http-nio-8082-exec-1] INFO  o.s.web.servlet.DispatcherServlet - Completed initialization in 3 ms
2023-12-17 20:30:14.895 [http-nio-8082-exec-1] INFO  o.s.api.AbstractOpenApiResource - Init duration for springdoc-openapi is: 141 ms
2023-12-17 20:39:45.816 [restartedMain] INFO  o.java2.backend.BackendApplication - Starting BackendApplication using Java 17.0.3 with PID 38760 (/Users/user/Library/Mobile Documents/com~apple~CloudDocs/大三上/Java2/Lab/Lab11/CS209-Project/Backend/target/classes started by user in /Users/user/Library/Mobile Documents/com~apple~CloudDocs/大三上/Java2/Lab/Lab11/CS209-Project)
2023-12-17 20:39:45.821 [restartedMain] INFO  o.java2.backend.BackendApplication - No active profile set, falling back to 1 default profile: "default"
2023-12-17 20:39:45.862 [restartedMain] INFO  o.s.b.d.e.DevToolsPropertyDefaultsPostProcessor - Devtools property defaults active! Set 'spring.devtools.add-properties' to 'false' to disable
2023-12-17 20:39:45.862 [restartedMain] INFO  o.s.b.d.e.DevToolsPropertyDefaultsPostProcessor - For additional web related logging consider setting the 'logging.level.web' property to 'DEBUG'
2023-12-17 20:39:46.437 [restartedMain] INFO  o.s.c.s.PostProcessorRegistrationDelegate$BeanPostProcessorChecker - Bean 'org.springframework.ws.config.annotation.DelegatingWsConfiguration' of type [org.springframework.ws.config.annotation.DelegatingWsConfiguration$$SpringCGLIB$$0] is not eligible for getting processed by all BeanPostProcessors (for example: not eligible for auto-proxying)
2023-12-17 20:39:46.449 [restartedMain] INFO  o.s.w.s.a.s.AnnotationActionEndpointMapping - Supporting [WS-Addressing August 2004, WS-Addressing 1.0]
2023-12-17 20:39:46.581 [restartedMain] INFO  o.s.b.w.e.tomcat.TomcatWebServer - Tomcat initialized with port(s): 8082 (http)
2023-12-17 20:39:46.586 [restartedMain] INFO  o.a.catalina.core.StandardService - Starting service [Tomcat]
2023-12-17 20:39:46.587 [restartedMain] INFO  o.a.catalina.core.StandardEngine - Starting Servlet engine: [Apache Tomcat/10.1.16]
2023-12-17 20:39:46.619 [restartedMain] INFO  o.a.c.c.C.[Tomcat].[localhost].[/] - Initializing Spring embedded WebApplicationContext
2023-12-17 20:39:46.619 [restartedMain] INFO  o.s.b.w.s.c.ServletWebServerApplicationContext - Root WebApplicationContext: initialization completed in 757 ms
2023-12-17 20:39:46.856 [restartedMain] WARN  c.b.m.core.metadata.TableInfoHelper - Can not find table primary key in Class: "org.java2.backend.entity.AnswerTagRelation".
2023-12-17 20:39:46.856 [restartedMain] WARN  c.b.m.c.injector.DefaultSqlInjector - class org.java2.backend.entity.AnswerTagRelation ,Not found @TableId annotation, Cannot use Mybatis-Plus 'xxById' Method.
2023-12-17 20:39:46.879 [restartedMain] WARN  c.b.m.core.metadata.TableInfoHelper - Can not find table primary key in Class: "org.java2.backend.entity.QuestionTagRelation".
2023-12-17 20:39:46.879 [restartedMain] WARN  c.b.m.c.injector.DefaultSqlInjector - class org.java2.backend.entity.QuestionTagRelation ,Not found @TableId annotation, Cannot use Mybatis-Plus 'xxById' Method.
2023-12-17 20:39:47.522 [restartedMain] INFO  o.s.b.d.a.OptionalLiveReloadServer - LiveReload server is running on port 35729
2023-12-17 20:39:47.545 [restartedMain] INFO  o.s.b.w.e.tomcat.TomcatWebServer - Tomcat started on port(s): 8082 (http) with context path ''
2023-12-17 20:39:47.551 [restartedMain] INFO  o.java2.backend.BackendApplication - Started BackendApplication in 2.238 seconds (process running for 2.794)
2023-12-17 20:39:47.552 [restartedMain] INFO  org.java2.backend.common.ServerInfo - Server is running at http://localhost:8082
2023-12-17 20:39:47.552 [restartedMain] INFO  org.java2.backend.common.ServerInfo - Swagger is running at http://localhost:8082/swagger-ui/index.html
2023-12-17 20:40:03.687 [http-nio-8082-exec-1] INFO  o.a.c.c.C.[Tomcat].[localhost].[/] - Initializing Spring DispatcherServlet 'dispatcherServlet'
2023-12-17 20:40:03.690 [http-nio-8082-exec-1] INFO  o.s.web.servlet.DispatcherServlet - Initializing Servlet 'dispatcherServlet'
2023-12-17 20:40:03.695 [http-nio-8082-exec-1] INFO  o.s.web.servlet.DispatcherServlet - Completed initialization in 5 ms
2023-12-17 20:40:03.725 [http-nio-8082-exec-1] INFO  o.j.backend.controller.BugController - Request Syntax Error Info
2023-12-17 20:40:03.795 [http-nio-8082-exec-1] INFO  com.zaxxer.hikari.HikariDataSource - HikariPool-1 - Starting...
2023-12-17 20:40:04.049 [http-nio-8082-exec-1] INFO  com.zaxxer.hikari.pool.HikariPool - HikariPool-1 - Added connection com.mysql.cj.jdbc.ConnectionImpl@3fb0ef29
2023-12-17 20:40:04.050 [http-nio-8082-exec-1] INFO  com.zaxxer.hikari.HikariDataSource - HikariPool-1 - Start completed.
2023-12-17 20:44:20.427 [http-nio-8082-exec-3] INFO  o.j.backend.controller.BugController - Request Fatal Error Info
2023-12-17 20:47:50.178 [http-nio-8082-exec-5] ERROR o.a.c.c.C.[.[.[.[dispatcherServlet] - Servlet.service() for servlet [dispatcherServlet] in context with path [] threw exception [Request processing failed: java.lang.IllegalStateException: Ambiguous handler methods mapped for '/bug/Exception/10': {public org.java2.backend.common.Result org.java2.backend.controller.BugController.getException(jakarta.servlet.http.HttpServletResponse,java.lang.String), public org.java2.backend.common.Result org.java2.backend.controller.BugController.Exception(jakarta.servlet.http.HttpServletResponse,java.lang.Integer)}] with root cause
java.lang.IllegalStateException: Ambiguous handler methods mapped for '/bug/Exception/10': {public org.java2.backend.common.Result org.java2.backend.controller.BugController.getException(jakarta.servlet.http.HttpServletResponse,java.lang.String), public org.java2.backend.common.Result org.java2.backend.controller.BugController.Exception(jakarta.servlet.http.HttpServletResponse,java.lang.Integer)}
	at org.springframework.web.servlet.handler.AbstractHandlerMethodMapping.lookupHandlerMethod(AbstractHandlerMethodMapping.java:431)
	at org.springframework.web.servlet.handler.AbstractHandlerMethodMapping.getHandlerInternal(AbstractHandlerMethodMapping.java:382)
	at org.springframework.web.servlet.mvc.method.RequestMappingInfoHandlerMapping.getHandlerInternal(RequestMappingInfoHandlerMapping.java:126)
	at org.springframework.web.servlet.mvc.method.RequestMappingInfoHandlerMapping.getHandlerInternal(RequestMappingInfoHandlerMapping.java:68)
	at org.springframework.web.servlet.handler.AbstractHandlerMapping.getHandler(AbstractHandlerMapping.java:505)
	at org.springframework.web.servlet.DispatcherServlet.getHandler(DispatcherServlet.java:1275)
	at org.springframework.web.servlet.DispatcherServlet.doDispatch(DispatcherServlet.java:1057)
	at org.springframework.web.servlet.DispatcherServlet.doService(DispatcherServlet.java:974)
	at org.springframework.web.servlet.FrameworkServlet.processRequest(FrameworkServlet.java:1014)
	at org.springframework.web.servlet.FrameworkServlet.doGet(FrameworkServlet.java:903)
	at jakarta.servlet.http.HttpServlet.service(HttpServlet.java:564)
	at org.springframework.web.servlet.FrameworkServlet.service(FrameworkServlet.java:885)
	at jakarta.servlet.http.HttpServlet.service(HttpServlet.java:658)
	at org.apache.catalina.core.ApplicationFilterChain.internalDoFilter(ApplicationFilterChain.java:205)
	at org.apache.catalina.core.ApplicationFilterChain.doFilter(ApplicationFilterChain.java:149)
	at org.apache.tomcat.websocket.server.WsFilter.doFilter(WsFilter.java:51)
	at org.apache.catalina.core.ApplicationFilterChain.internalDoFilter(ApplicationFilterChain.java:174)
	at org.apache.catalina.core.ApplicationFilterChain.doFilter(ApplicationFilterChain.java:149)
	at org.springframework.web.filter.CorsFilter.doFilterInternal(CorsFilter.java:91)
	at org.springframework.web.filter.OncePerRequestFilter.doFilter(OncePerRequestFilter.java:116)
	at org.apache.catalina.core.ApplicationFilterChain.internalDoFilter(ApplicationFilterChain.java:174)
	at org.apache.catalina.core.ApplicationFilterChain.doFilter(ApplicationFilterChain.java:149)
	at org.springframework.web.filter.RequestContextFilter.doFilterInternal(RequestContextFilter.java:100)
	at org.springframework.web.filter.OncePerRequestFilter.doFilter(OncePerRequestFilter.java:116)
	at org.apache.catalina.core.ApplicationFilterChain.internalDoFilter(ApplicationFilterChain.java:174)
	at org.apache.catalina.core.ApplicationFilterChain.doFilter(ApplicationFilterChain.java:149)
	at org.springframework.web.filter.FormContentFilter.doFilterInternal(FormContentFilter.java:93)
	at org.springframework.web.filter.OncePerRequestFilter.doFilter(OncePerRequestFilter.java:116)
	at org.apache.catalina.core.ApplicationFilterChain.internalDoFilter(ApplicationFilterChain.java:174)
	at org.apache.catalina.core.ApplicationFilterChain.doFilter(ApplicationFilterChain.java:149)
	at org.springframework.web.filter.CharacterEncodingFilter.doFilterInternal(CharacterEncodingFilter.java:201)
	at org.springframework.web.filter.OncePerRequestFilter.doFilter(OncePerRequestFilter.java:116)
	at org.apache.catalina.core.ApplicationFilterChain.internalDoFilter(ApplicationFilterChain.java:174)
	at org.apache.catalina.core.ApplicationFilterChain.doFilter(ApplicationFilterChain.java:149)
	at org.apache.catalina.core.StandardWrapperValve.invoke(StandardWrapperValve.java:167)
	at org.apache.catalina.core.StandardContextValve.invoke(StandardContextValve.java:90)
	at org.apache.catalina.authenticator.AuthenticatorBase.invoke(AuthenticatorBase.java:482)
	at org.apache.catalina.core.StandardHostValve.invoke(StandardHostValve.java:115)
	at org.apache.catalina.valves.ErrorReportValve.invoke(ErrorReportValve.java:93)
	at org.apache.catalina.core.StandardEngineValve.invoke(StandardEngineValve.java:74)
	at org.apache.catalina.connector.CoyoteAdapter.service(CoyoteAdapter.java:340)
	at org.apache.coyote.http11.Http11Processor.service(Http11Processor.java:391)
	at org.apache.coyote.AbstractProcessorLight.process(AbstractProcessorLight.java:63)
	at org.apache.coyote.AbstractProtocol$ConnectionHandler.process(AbstractProtocol.java:896)
	at org.apache.tomcat.util.net.NioEndpoint$SocketProcessor.doRun(NioEndpoint.java:1744)
	at org.apache.tomcat.util.net.SocketProcessorBase.run(SocketProcessorBase.java:52)
	at org.apache.tomcat.util.threads.ThreadPoolExecutor.runWorker(ThreadPoolExecutor.java:1191)
	at org.apache.tomcat.util.threads.ThreadPoolExecutor$Worker.run(ThreadPoolExecutor.java:659)
	at org.apache.tomcat.util.threads.TaskThread$WrappingRunnable.run(TaskThread.java:61)
	at java.base/java.lang.Thread.run(Thread.java:833)
2023-12-17 20:47:55.334 [http-nio-8082-exec-6] ERROR o.a.c.c.C.[.[.[.[dispatcherServlet] - Servlet.service() for servlet [dispatcherServlet] in context with path [] threw exception [Request processing failed: java.lang.IllegalStateException: Ambiguous handler methods mapped for '/bug/Exception/10': {public org.java2.backend.common.Result org.java2.backend.controller.BugController.getException(jakarta.servlet.http.HttpServletResponse,java.lang.String), public org.java2.backend.common.Result org.java2.backend.controller.BugController.Exception(jakarta.servlet.http.HttpServletResponse,java.lang.Integer)}] with root cause
java.lang.IllegalStateException: Ambiguous handler methods mapped for '/bug/Exception/10': {public org.java2.backend.common.Result org.java2.backend.controller.BugController.getException(jakarta.servlet.http.HttpServletResponse,java.lang.String), public org.java2.backend.common.Result org.java2.backend.controller.BugController.Exception(jakarta.servlet.http.HttpServletResponse,java.lang.Integer)}
	at org.springframework.web.servlet.handler.AbstractHandlerMethodMapping.lookupHandlerMethod(AbstractHandlerMethodMapping.java:431)
	at org.springframework.web.servlet.handler.AbstractHandlerMethodMapping.getHandlerInternal(AbstractHandlerMethodMapping.java:382)
	at org.springframework.web.servlet.mvc.method.RequestMappingInfoHandlerMapping.getHandlerInternal(RequestMappingInfoHandlerMapping.java:126)
	at org.springframework.web.servlet.mvc.method.RequestMappingInfoHandlerMapping.getHandlerInternal(RequestMappingInfoHandlerMapping.java:68)
	at org.springframework.web.servlet.handler.AbstractHandlerMapping.getHandler(AbstractHandlerMapping.java:505)
	at org.springframework.web.servlet.DispatcherServlet.getHandler(DispatcherServlet.java:1275)
	at org.springframework.web.servlet.DispatcherServlet.doDispatch(DispatcherServlet.java:1057)
	at org.springframework.web.servlet.DispatcherServlet.doService(DispatcherServlet.java:974)
	at org.springframework.web.servlet.FrameworkServlet.processRequest(FrameworkServlet.java:1014)
	at org.springframework.web.servlet.FrameworkServlet.doGet(FrameworkServlet.java:903)
	at jakarta.servlet.http.HttpServlet.service(HttpServlet.java:564)
	at org.springframework.web.servlet.FrameworkServlet.service(FrameworkServlet.java:885)
	at jakarta.servlet.http.HttpServlet.service(HttpServlet.java:658)
	at org.apache.catalina.core.ApplicationFilterChain.internalDoFilter(ApplicationFilterChain.java:205)
	at org.apache.catalina.core.ApplicationFilterChain.doFilter(ApplicationFilterChain.java:149)
	at org.apache.tomcat.websocket.server.WsFilter.doFilter(WsFilter.java:51)
	at org.apache.catalina.core.ApplicationFilterChain.internalDoFilter(ApplicationFilterChain.java:174)
	at org.apache.catalina.core.ApplicationFilterChain.doFilter(ApplicationFilterChain.java:149)
	at org.springframework.web.filter.CorsFilter.doFilterInternal(CorsFilter.java:91)
	at org.springframework.web.filter.OncePerRequestFilter.doFilter(OncePerRequestFilter.java:116)
	at org.apache.catalina.core.ApplicationFilterChain.internalDoFilter(ApplicationFilterChain.java:174)
	at org.apache.catalina.core.ApplicationFilterChain.doFilter(ApplicationFilterChain.java:149)
	at org.springframework.web.filter.RequestContextFilter.doFilterInternal(RequestContextFilter.java:100)
	at org.springframework.web.filter.OncePerRequestFilter.doFilter(OncePerRequestFilter.java:116)
	at org.apache.catalina.core.ApplicationFilterChain.internalDoFilter(ApplicationFilterChain.java:174)
	at org.apache.catalina.core.ApplicationFilterChain.doFilter(ApplicationFilterChain.java:149)
	at org.springframework.web.filter.FormContentFilter.doFilterInternal(FormContentFilter.java:93)
	at org.springframework.web.filter.OncePerRequestFilter.doFilter(OncePerRequestFilter.java:116)
	at org.apache.catalina.core.ApplicationFilterChain.internalDoFilter(ApplicationFilterChain.java:174)
	at org.apache.catalina.core.ApplicationFilterChain.doFilter(ApplicationFilterChain.java:149)
	at org.springframework.web.filter.CharacterEncodingFilter.doFilterInternal(CharacterEncodingFilter.java:201)
	at org.springframework.web.filter.OncePerRequestFilter.doFilter(OncePerRequestFilter.java:116)
	at org.apache.catalina.core.ApplicationFilterChain.internalDoFilter(ApplicationFilterChain.java:174)
	at org.apache.catalina.core.ApplicationFilterChain.doFilter(ApplicationFilterChain.java:149)
	at org.apache.catalina.core.StandardWrapperValve.invoke(StandardWrapperValve.java:167)
	at org.apache.catalina.core.StandardContextValve.invoke(StandardContextValve.java:90)
	at org.apache.catalina.authenticator.AuthenticatorBase.invoke(AuthenticatorBase.java:482)
	at org.apache.catalina.core.StandardHostValve.invoke(StandardHostValve.java:115)
	at org.apache.catalina.valves.ErrorReportValve.invoke(ErrorReportValve.java:93)
	at org.apache.catalina.core.StandardEngineValve.invoke(StandardEngineValve.java:74)
	at org.apache.catalina.connector.CoyoteAdapter.service(CoyoteAdapter.java:340)
	at org.apache.coyote.http11.Http11Processor.service(Http11Processor.java:391)
	at org.apache.coyote.AbstractProcessorLight.process(AbstractProcessorLight.java:63)
	at org.apache.coyote.AbstractProtocol$ConnectionHandler.process(AbstractProtocol.java:896)
	at org.apache.tomcat.util.net.NioEndpoint$SocketProcessor.doRun(NioEndpoint.java:1744)
	at org.apache.tomcat.util.net.SocketProcessorBase.run(SocketProcessorBase.java:52)
	at org.apache.tomcat.util.threads.ThreadPoolExecutor.runWorker(ThreadPoolExecutor.java:1191)
	at org.apache.tomcat.util.threads.ThreadPoolExecutor$Worker.run(ThreadPoolExecutor.java:659)
	at org.apache.tomcat.util.threads.TaskThread$WrappingRunnable.run(TaskThread.java:61)
	at java.base/java.lang.Thread.run(Thread.java:833)
2023-12-17 20:49:08.935 [SpringApplicationShutdownHook] INFO  com.zaxxer.hikari.HikariDataSource - HikariPool-1 - Shutdown initiated...
2023-12-17 20:49:09.028 [SpringApplicationShutdownHook] INFO  com.zaxxer.hikari.HikariDataSource - HikariPool-1 - Shutdown completed.
2023-12-17 20:49:14.533 [restartedMain] INFO  o.java2.backend.BackendApplication - Starting BackendApplication using Java 17.0.3 with PID 39022 (/Users/user/Library/Mobile Documents/com~apple~CloudDocs/大三上/Java2/Lab/Lab11/CS209-Project/Backend/target/classes started by user in /Users/user/Library/Mobile Documents/com~apple~CloudDocs/大三上/Java2/Lab/Lab11/CS209-Project)
2023-12-17 20:49:14.534 [restartedMain] INFO  o.java2.backend.BackendApplication - No active profile set, falling back to 1 default profile: "default"
2023-12-17 20:49:14.569 [restartedMain] INFO  o.s.b.d.e.DevToolsPropertyDefaultsPostProcessor - Devtools property defaults active! Set 'spring.devtools.add-properties' to 'false' to disable
2023-12-17 20:49:14.570 [restartedMain] INFO  o.s.b.d.e.DevToolsPropertyDefaultsPostProcessor - For additional web related logging consider setting the 'logging.level.web' property to 'DEBUG'
2023-12-17 20:49:15.142 [restartedMain] INFO  o.s.c.s.PostProcessorRegistrationDelegate$BeanPostProcessorChecker - Bean 'org.springframework.ws.config.annotation.DelegatingWsConfiguration' of type [org.springframework.ws.config.annotation.DelegatingWsConfiguration$$SpringCGLIB$$0] is not eligible for getting processed by all BeanPostProcessors (for example: not eligible for auto-proxying)
2023-12-17 20:49:15.157 [restartedMain] INFO  o.s.w.s.a.s.AnnotationActionEndpointMapping - Supporting [WS-Addressing August 2004, WS-Addressing 1.0]
2023-12-17 20:49:15.291 [restartedMain] INFO  o.s.b.w.e.tomcat.TomcatWebServer - Tomcat initialized with port(s): 8082 (http)
2023-12-17 20:49:15.297 [restartedMain] INFO  o.a.catalina.core.StandardService - Starting service [Tomcat]
2023-12-17 20:49:15.297 [restartedMain] INFO  o.a.catalina.core.StandardEngine - Starting Servlet engine: [Apache Tomcat/10.1.16]
2023-12-17 20:49:15.324 [restartedMain] INFO  o.a.c.c.C.[Tomcat].[localhost].[/] - Initializing Spring embedded WebApplicationContext
2023-12-17 20:49:15.324 [restartedMain] INFO  o.s.b.w.s.c.ServletWebServerApplicationContext - Root WebApplicationContext: initialization completed in 754 ms
2023-12-17 20:49:15.530 [restartedMain] WARN  c.b.m.core.metadata.TableInfoHelper - Can not find table primary key in Class: "org.java2.backend.entity.AnswerTagRelation".
2023-12-17 20:49:15.530 [restartedMain] WARN  c.b.m.c.injector.DefaultSqlInjector - class org.java2.backend.entity.AnswerTagRelation ,Not found @TableId annotation, Cannot use Mybatis-Plus 'xxById' Method.
2023-12-17 20:49:15.552 [restartedMain] WARN  c.b.m.core.metadata.TableInfoHelper - Can not find table primary key in Class: "org.java2.backend.entity.QuestionTagRelation".
2023-12-17 20:49:15.552 [restartedMain] WARN  c.b.m.c.injector.DefaultSqlInjector - class org.java2.backend.entity.QuestionTagRelation ,Not found @TableId annotation, Cannot use Mybatis-Plus 'xxById' Method.
2023-12-17 20:49:15.926 [restartedMain] INFO  o.s.b.d.a.OptionalLiveReloadServer - LiveReload server is running on port 35729
2023-12-17 20:49:15.951 [restartedMain] INFO  o.s.b.w.e.tomcat.TomcatWebServer - Tomcat started on port(s): 8082 (http) with context path ''
2023-12-17 20:49:15.958 [restartedMain] INFO  o.java2.backend.BackendApplication - Started BackendApplication in 1.684 seconds (process running for 2.008)
2023-12-17 20:49:15.959 [restartedMain] INFO  org.java2.backend.common.ServerInfo - Server is running at http://localhost:8082
2023-12-17 20:49:15.959 [restartedMain] INFO  org.java2.backend.common.ServerInfo - Swagger is running at http://localhost:8082/swagger-ui/index.html
2023-12-17 20:49:18.894 [http-nio-8082-exec-1] INFO  o.a.c.c.C.[Tomcat].[localhost].[/] - Initializing Spring DispatcherServlet 'dispatcherServlet'
2023-12-17 20:49:18.895 [http-nio-8082-exec-1] INFO  o.s.web.servlet.DispatcherServlet - Initializing Servlet 'dispatcherServlet'
2023-12-17 20:49:18.904 [http-nio-8082-exec-1] INFO  o.s.web.servlet.DispatcherServlet - Completed initialization in 9 ms
2023-12-17 20:49:19.789 [http-nio-8082-exec-4] INFO  o.s.api.AbstractOpenApiResource - Init duration for springdoc-openapi is: 256 ms
2023-12-17 20:49:28.658 [http-nio-8082-exec-5] INFO  o.j.backend.controller.BugController - Request Exception Info
2023-12-17 20:49:28.711 [http-nio-8082-exec-5] INFO  com.zaxxer.hikari.HikariDataSource - HikariPool-1 - Starting...
2023-12-17 20:49:29.043 [http-nio-8082-exec-5] INFO  com.zaxxer.hikari.pool.HikariPool - HikariPool-1 - Added connection com.mysql.cj.jdbc.ConnectionImpl@6c96ee3
2023-12-17 20:49:29.044 [http-nio-8082-exec-5] INFO  com.zaxxer.hikari.HikariDataSource - HikariPool-1 - Start completed.
2023-12-17 20:50:45.674 [http-nio-8082-exec-7] INFO  o.j.backend.controller.BugController - Request Error And Exception Info
2023-12-17 20:50:58.606 [http-nio-8082-exec-8] INFO  o.j.backend.controller.BugController - Request Error Info
2023-12-17 20:54:46.842 [http-nio-8082-exec-10] INFO  o.j.backend.controller.BugController - Request Specific Exception Info
2023-12-17 20:56:58.537 [http-nio-8082-exec-2] INFO  o.j.backend.controller.BugController - Request Specific Error Info
2023-12-17 20:57:48.695 [http-nio-8082-exec-3] INFO  o.j.backend.controller.BugController - Request Specific Error Info
2023-12-17 21:03:30.555 [File Watcher] INFO  o.s.b.d.a.LocalDevToolsAutoConfiguration$RestartingClassPathChangeChangedEventListener - Restarting due to 1 class path change (0 additions, 1 deletion, 0 modifications)
2023-12-17 21:03:31.663 [Thread-5] WARN  o.apache.tomcat.util.net.NioEndpoint - Failed to unlock acceptor for [http-nio-8082] because the local address was not available
2023-12-17 21:03:31.664 [Thread-5] INFO  o.a.catalina.core.StandardService - Stopping service [Tomcat]
2023-12-17 21:03:31.663 [http-nio-8082-Acceptor] ERROR org.apache.tomcat.util.net.Acceptor - Socket accept failed
java.nio.channels.AsynchronousCloseException: null
	at java.base/java.nio.channels.spi.AbstractInterruptibleChannel.end(AbstractInterruptibleChannel.java:202)
	at java.base/sun.nio.ch.ServerSocketChannelImpl.end(ServerSocketChannelImpl.java:376)
	at java.base/sun.nio.ch.ServerSocketChannelImpl.accept(ServerSocketChannelImpl.java:399)
	at org.apache.tomcat.util.net.NioEndpoint.serverSocketAccept(NioEndpoint.java:521)
	at org.apache.tomcat.util.net.NioEndpoint.serverSocketAccept(NioEndpoint.java:79)
	at org.apache.tomcat.util.net.Acceptor.run(Acceptor.java:128)
	at java.base/java.lang.Thread.run(Thread.java:833)
2023-12-17 21:03:31.677 [Thread-5] INFO  o.a.c.c.C.[Tomcat].[localhost].[/] - Destroying Spring FrameworkServlet 'dispatcherServlet'
2023-12-17 21:03:31.697 [Thread-5] WARN  o.a.c.loader.WebappClassLoaderBase - The web application [ROOT] appears to have started a thread named [HikariPool-1 housekeeper] but has failed to stop it. This is very likely to create a memory leak. Stack trace of thread:
 java.base@17.0.3/jdk.internal.misc.Unsafe.park(Native Method)
 java.base@17.0.3/java.util.concurrent.locks.LockSupport.parkNanos(LockSupport.java:252)
 java.base@17.0.3/java.util.concurrent.locks.AbstractQueuedSynchronizer$ConditionObject.awaitNanos(AbstractQueuedSynchronizer.java:1672)
 java.base@17.0.3/java.util.concurrent.ScheduledThreadPoolExecutor$DelayedWorkQueue.take(ScheduledThreadPoolExecutor.java:1182)
 java.base@17.0.3/java.util.concurrent.ScheduledThreadPoolExecutor$DelayedWorkQueue.take(ScheduledThreadPoolExecutor.java:899)
 java.base@17.0.3/java.util.concurrent.ThreadPoolExecutor.getTask(ThreadPoolExecutor.java:1062)
 java.base@17.0.3/java.util.concurrent.ThreadPoolExecutor.runWorker(ThreadPoolExecutor.java:1122)
 java.base@17.0.3/java.util.concurrent.ThreadPoolExecutor$Worker.run(ThreadPoolExecutor.java:635)
 java.base@17.0.3/java.lang.Thread.run(Thread.java:833)
2023-12-17 21:03:31.715 [Thread-5] INFO  com.zaxxer.hikari.HikariDataSource - HikariPool-1 - Shutdown initiated...
2023-12-17 21:03:31.757 [Thread-5] INFO  com.zaxxer.hikari.HikariDataSource - HikariPool-1 - Shutdown completed.
2023-12-17 21:03:31.895 [restartedMain] INFO  o.java2.backend.BackendApplication - Starting BackendApplication using Java 17.0.3 with PID 39022 (/Users/user/Library/Mobile Documents/com~apple~CloudDocs/大三上/Java2/Lab/Lab11/CS209-Project/Backend/target/classes started by user in /Users/user/Library/Mobile Documents/com~apple~CloudDocs/大三上/Java2/Lab/Lab11/CS209-Project)
2023-12-17 21:03:31.895 [restartedMain] INFO  o.java2.backend.BackendApplication - No active profile set, falling back to 1 default profile: "default"
2023-12-17 21:03:32.184 [restartedMain] INFO  o.s.c.s.PostProcessorRegistrationDelegate$BeanPostProcessorChecker - Bean 'org.springframework.ws.config.annotation.DelegatingWsConfiguration' of type [org.springframework.ws.config.annotation.DelegatingWsConfiguration$$SpringCGLIB$$0] is not eligible for getting processed by all BeanPostProcessors (for example: not eligible for auto-proxying)
2023-12-17 21:03:32.185 [restartedMain] INFO  o.s.w.s.a.s.AnnotationActionEndpointMapping - Supporting [WS-Addressing August 2004, WS-Addressing 1.0]
2023-12-17 21:03:32.212 [restartedMain] INFO  o.s.b.w.e.tomcat.TomcatWebServer - Tomcat initialized with port(s): 8082 (http)
2023-12-17 21:03:32.213 [restartedMain] INFO  o.a.catalina.core.StandardService - Starting service [Tomcat]
2023-12-17 21:03:32.213 [restartedMain] INFO  o.a.catalina.core.StandardEngine - Starting Servlet engine: [Apache Tomcat/10.1.16]
2023-12-17 21:03:32.221 [restartedMain] INFO  o.a.c.c.C.[Tomcat].[localhost].[/] - Initializing Spring embedded WebApplicationContext
2023-12-17 21:03:32.221 [restartedMain] INFO  o.s.b.w.s.c.ServletWebServerApplicationContext - Root WebApplicationContext: initialization completed in 323 ms
2023-12-17 21:03:32.264 [restartedMain] WARN  c.b.m.core.metadata.TableInfoHelper - Can not find table primary key in Class: "org.java2.backend.entity.AnswerTagRelation".
2023-12-17 21:03:32.264 [restartedMain] WARN  c.b.m.c.injector.DefaultSqlInjector - class org.java2.backend.entity.AnswerTagRelation ,Not found @TableId annotation, Cannot use Mybatis-Plus 'xxById' Method.
2023-12-17 21:03:32.312 [restartedMain] WARN  c.b.m.core.metadata.TableInfoHelper - Can not find table primary key in Class: "org.java2.backend.entity.QuestionTagRelation".
2023-12-17 21:03:32.313 [restartedMain] WARN  c.b.m.c.injector.DefaultSqlInjector - class org.java2.backend.entity.QuestionTagRelation ,Not found @TableId annotation, Cannot use Mybatis-Plus 'xxById' Method.
2023-12-17 21:03:32.501 [restartedMain] INFO  o.s.b.d.a.OptionalLiveReloadServer - LiveReload server is running on port 35729
2023-12-17 21:03:32.513 [restartedMain] INFO  o.s.b.w.e.tomcat.TomcatWebServer - Tomcat started on port(s): 8082 (http) with context path ''
2023-12-17 21:03:32.517 [restartedMain] INFO  o.java2.backend.BackendApplication - Started BackendApplication in 0.674 seconds (process running for 858.571)
2023-12-17 21:03:32.518 [restartedMain] INFO  o.s.b.d.a.ConditionEvaluationDeltaLoggingListener - Condition evaluation unchanged
2023-12-17 21:03:32.519 [restartedMain] INFO  org.java2.backend.common.ServerInfo - Server is running at http://localhost:8082
2023-12-17 21:03:32.519 [restartedMain] INFO  org.java2.backend.common.ServerInfo - Swagger is running at http://localhost:8082/swagger-ui/index.html
2023-12-17 21:05:02.953 [File Watcher] INFO  o.s.b.d.a.LocalDevToolsAutoConfiguration$RestartingClassPathChangeChangedEventListener - Restarting due to 1 class path change (1 addition, 0 deletions, 0 modifications)
2023-12-17 21:05:03.966 [Thread-7] WARN  o.apache.tomcat.util.net.NioEndpoint - Failed to unlock acceptor for [http-nio-8082] because the local address was not available
2023-12-17 21:05:03.966 [http-nio-8082-Acceptor] ERROR org.apache.tomcat.util.net.Acceptor - Socket accept failed
java.nio.channels.AsynchronousCloseException: null
	at java.base/java.nio.channels.spi.AbstractInterruptibleChannel.end(AbstractInterruptibleChannel.java:202)
	at java.base/sun.nio.ch.ServerSocketChannelImpl.end(ServerSocketChannelImpl.java:376)
	at java.base/sun.nio.ch.ServerSocketChannelImpl.accept(ServerSocketChannelImpl.java:399)
	at org.apache.tomcat.util.net.NioEndpoint.serverSocketAccept(NioEndpoint.java:521)
	at org.apache.tomcat.util.net.NioEndpoint.serverSocketAccept(NioEndpoint.java:79)
	at org.apache.tomcat.util.net.Acceptor.run(Acceptor.java:128)
	at java.base/java.lang.Thread.run(Thread.java:833)
2023-12-17 21:05:03.967 [Thread-7] INFO  o.a.catalina.core.StandardService - Stopping service [Tomcat]
2023-12-17 21:05:04.097 [restartedMain] INFO  o.java2.backend.BackendApplication - Starting BackendApplication using Java 17.0.3 with PID 39022 (/Users/user/Library/Mobile Documents/com~apple~CloudDocs/大三上/Java2/Lab/Lab11/CS209-Project/Backend/target/classes started by user in /Users/user/Library/Mobile Documents/com~apple~CloudDocs/大三上/Java2/Lab/Lab11/CS209-Project)
2023-12-17 21:05:04.098 [restartedMain] INFO  o.java2.backend.BackendApplication - No active profile set, falling back to 1 default profile: "default"
2023-12-17 21:05:04.264 [restartedMain] INFO  o.s.c.s.PostProcessorRegistrationDelegate$BeanPostProcessorChecker - Bean 'org.springframework.ws.config.annotation.DelegatingWsConfiguration' of type [org.springframework.ws.config.annotation.DelegatingWsConfiguration$$SpringCGLIB$$0] is not eligible for getting processed by all BeanPostProcessors (for example: not eligible for auto-proxying)
2023-12-17 21:05:04.265 [restartedMain] INFO  o.s.w.s.a.s.AnnotationActionEndpointMapping - Supporting [WS-Addressing August 2004, WS-Addressing 1.0]
2023-12-17 21:05:04.288 [restartedMain] INFO  o.s.b.w.e.tomcat.TomcatWebServer - Tomcat initialized with port(s): 8082 (http)
2023-12-17 21:05:04.288 [restartedMain] INFO  o.a.catalina.core.StandardService - Starting service [Tomcat]
2023-12-17 21:05:04.288 [restartedMain] INFO  o.a.catalina.core.StandardEngine - Starting Servlet engine: [Apache Tomcat/10.1.16]
2023-12-17 21:05:04.293 [restartedMain] INFO  o.a.c.c.C.[Tomcat].[localhost].[/] - Initializing Spring embedded WebApplicationContext
2023-12-17 21:05:04.293 [restartedMain] INFO  o.s.b.w.s.c.ServletWebServerApplicationContext - Root WebApplicationContext: initialization completed in 194 ms
2023-12-17 21:05:04.364 [restartedMain] WARN  c.b.m.core.metadata.TableInfoHelper - Can not find table primary key in Class: "org.java2.backend.entity.AnswerTagRelation".
2023-12-17 21:05:04.365 [restartedMain] WARN  c.b.m.c.injector.DefaultSqlInjector - class org.java2.backend.entity.AnswerTagRelation ,Not found @TableId annotation, Cannot use Mybatis-Plus 'xxById' Method.
2023-12-17 21:05:04.383 [restartedMain] WARN  c.b.m.core.metadata.TableInfoHelper - Can not find table primary key in Class: "org.java2.backend.entity.QuestionTagRelation".
2023-12-17 21:05:04.383 [restartedMain] WARN  c.b.m.c.injector.DefaultSqlInjector - class org.java2.backend.entity.QuestionTagRelation ,Not found @TableId annotation, Cannot use Mybatis-Plus 'xxById' Method.
2023-12-17 21:05:04.526 [restartedMain] INFO  o.s.b.d.a.OptionalLiveReloadServer - LiveReload server is running on port 35729
2023-12-17 21:05:04.537 [restartedMain] INFO  o.s.b.w.e.tomcat.TomcatWebServer - Tomcat started on port(s): 8082 (http) with context path ''
2023-12-17 21:05:04.540 [restartedMain] INFO  o.java2.backend.BackendApplication - Started BackendApplication in 0.467 seconds (process running for 950.599)
2023-12-17 21:05:04.542 [restartedMain] INFO  o.s.b.d.a.ConditionEvaluationDeltaLoggingListener - Condition evaluation unchanged
2023-12-17 21:05:04.543 [restartedMain] INFO  org.java2.backend.common.ServerInfo - Server is running at http://localhost:8082
2023-12-17 21:05:04.543 [restartedMain] INFO  org.java2.backend.common.ServerInfo - Swagger is running at http://localhost:8082/swagger-ui/index.html
2023-12-17 21:06:50.172 [File Watcher] INFO  o.s.b.d.a.LocalDevToolsAutoConfiguration$RestartingClassPathChangeChangedEventListener - Restarting due to 48 class path changes (0 additions, 0 deletions, 48 modifications)
2023-12-17 21:06:51.364 [Thread-11] WARN  o.apache.tomcat.util.net.NioEndpoint - Failed to unlock acceptor for [http-nio-8082] because the local address was not available
2023-12-17 21:06:51.364 [http-nio-8082-Acceptor] ERROR org.apache.tomcat.util.net.Acceptor - Socket accept failed
java.nio.channels.AsynchronousCloseException: null
	at java.base/java.nio.channels.spi.AbstractInterruptibleChannel.end(AbstractInterruptibleChannel.java:202)
	at java.base/sun.nio.ch.ServerSocketChannelImpl.end(ServerSocketChannelImpl.java:376)
	at java.base/sun.nio.ch.ServerSocketChannelImpl.accept(ServerSocketChannelImpl.java:399)
	at org.apache.tomcat.util.net.NioEndpoint.serverSocketAccept(NioEndpoint.java:521)
	at org.apache.tomcat.util.net.NioEndpoint.serverSocketAccept(NioEndpoint.java:79)
	at org.apache.tomcat.util.net.Acceptor.run(Acceptor.java:128)
	at java.base/java.lang.Thread.run(Thread.java:833)
2023-12-17 21:06:51.367 [Thread-11] INFO  o.a.catalina.core.StandardService - Stopping service [Tomcat]
2023-12-17 21:06:51.616 [restartedMain] INFO  o.java2.backend.BackendApplication - Starting BackendApplication using Java 17.0.3 with PID 39022 (/Users/user/Library/Mobile Documents/com~apple~CloudDocs/大三上/Java2/Lab/Lab11/CS209-Project/Backend/target/classes started by user in /Users/user/Library/Mobile Documents/com~apple~CloudDocs/大三上/Java2/Lab/Lab11/CS209-Project)
2023-12-17 21:06:51.616 [restartedMain] INFO  o.java2.backend.BackendApplication - No active profile set, falling back to 1 default profile: "default"
2023-12-17 21:06:51.830 [restartedMain] INFO  o.s.c.s.PostProcessorRegistrationDelegate$BeanPostProcessorChecker - Bean 'org.springframework.ws.config.annotation.DelegatingWsConfiguration' of type [org.springframework.ws.config.annotation.DelegatingWsConfiguration$$SpringCGLIB$$0] is not eligible for getting processed by all BeanPostProcessors (for example: not eligible for auto-proxying)
2023-12-17 21:06:51.836 [restartedMain] INFO  o.s.w.s.a.s.AnnotationActionEndpointMapping - Supporting [WS-Addressing August 2004, WS-Addressing 1.0]
2023-12-17 21:06:51.876 [restartedMain] INFO  o.s.b.w.e.tomcat.TomcatWebServer - Tomcat initialized with port(s): 8082 (http)
2023-12-17 21:06:51.877 [restartedMain] INFO  o.a.catalina.core.StandardService - Starting service [Tomcat]
2023-12-17 21:06:51.877 [restartedMain] INFO  o.a.catalina.core.StandardEngine - Starting Servlet engine: [Apache Tomcat/10.1.16]
2023-12-17 21:06:51.883 [restartedMain] INFO  o.a.c.c.C.[Tomcat].[localhost].[/] - Initializing Spring embedded WebApplicationContext
2023-12-17 21:06:51.883 [restartedMain] INFO  o.s.b.w.s.c.ServletWebServerApplicationContext - Root WebApplicationContext: initialization completed in 265 ms
2023-12-17 21:06:51.948 [restartedMain] WARN  c.b.m.core.metadata.TableInfoHelper - Can not find table primary key in Class: "org.java2.backend.entity.AnswerTagRelation".
2023-12-17 21:06:51.948 [restartedMain] WARN  c.b.m.c.injector.DefaultSqlInjector - class org.java2.backend.entity.AnswerTagRelation ,Not found @TableId annotation, Cannot use Mybatis-Plus 'xxById' Method.
2023-12-17 21:06:51.966 [restartedMain] WARN  c.b.m.core.metadata.TableInfoHelper - Can not find table primary key in Class: "org.java2.backend.entity.QuestionTagRelation".
2023-12-17 21:06:51.966 [restartedMain] WARN  c.b.m.c.injector.DefaultSqlInjector - class org.java2.backend.entity.QuestionTagRelation ,Not found @TableId annotation, Cannot use Mybatis-Plus 'xxById' Method.
2023-12-17 21:06:52.123 [restartedMain] INFO  o.s.b.d.a.OptionalLiveReloadServer - LiveReload server is running on port 35729
2023-12-17 21:06:52.135 [restartedMain] INFO  o.s.b.w.e.tomcat.TomcatWebServer - Tomcat started on port(s): 8082 (http) with context path ''
2023-12-17 21:06:52.138 [restartedMain] INFO  o.java2.backend.BackendApplication - Started BackendApplication in 0.563 seconds (process running for 1058.198)
2023-12-17 21:06:52.139 [restartedMain] INFO  o.s.b.d.a.ConditionEvaluationDeltaLoggingListener - Condition evaluation unchanged
2023-12-17 21:06:52.140 [restartedMain] INFO  org.java2.backend.common.ServerInfo - Server is running at http://localhost:8082
2023-12-17 21:06:52.140 [restartedMain] INFO  org.java2.backend.common.ServerInfo - Swagger is running at http://localhost:8082/swagger-ui/index.html
2023-12-17 21:07:05.133 [File Watcher] INFO  o.s.b.d.a.LocalDevToolsAutoConfiguration$RestartingClassPathChangeChangedEventListener - Restarting due to 1 class path change (0 additions, 0 deletions, 1 modification)
2023-12-17 21:07:06.154 [Thread-15] WARN  o.apache.tomcat.util.net.NioEndpoint - Failed to unlock acceptor for [http-nio-8082] because the local address was not available
2023-12-17 21:07:06.154 [Thread-15] INFO  o.a.catalina.core.StandardService - Stopping service [Tomcat]
2023-12-17 21:07:06.154 [http-nio-8082-Acceptor] ERROR org.apache.tomcat.util.net.Acceptor - Socket accept failed
java.nio.channels.AsynchronousCloseException: null
	at java.base/java.nio.channels.spi.AbstractInterruptibleChannel.end(AbstractInterruptibleChannel.java:202)
	at java.base/sun.nio.ch.ServerSocketChannelImpl.end(ServerSocketChannelImpl.java:376)
	at java.base/sun.nio.ch.ServerSocketChannelImpl.accept(ServerSocketChannelImpl.java:399)
	at org.apache.tomcat.util.net.NioEndpoint.serverSocketAccept(NioEndpoint.java:521)
	at org.apache.tomcat.util.net.NioEndpoint.serverSocketAccept(NioEndpoint.java:79)
	at org.apache.tomcat.util.net.Acceptor.run(Acceptor.java:128)
	at java.base/java.lang.Thread.run(Thread.java:833)
2023-12-17 21:07:06.253 [restartedMain] INFO  o.java2.backend.BackendApplication - Starting BackendApplication using Java 17.0.3 with PID 39022 (/Users/user/Library/Mobile Documents/com~apple~CloudDocs/大三上/Java2/Lab/Lab11/CS209-Project/Backend/target/classes started by user in /Users/user/Library/Mobile Documents/com~apple~CloudDocs/大三上/Java2/Lab/Lab11/CS209-Project)
2023-12-17 21:07:06.253 [restartedMain] INFO  o.java2.backend.BackendApplication - No active profile set, falling back to 1 default profile: "default"
2023-12-17 21:07:06.379 [restartedMain] INFO  o.s.c.s.PostProcessorRegistrationDelegate$BeanPostProcessorChecker - Bean 'org.springframework.ws.config.annotation.DelegatingWsConfiguration' of type [org.springframework.ws.config.annotation.DelegatingWsConfiguration$$SpringCGLIB$$0] is not eligible for getting processed by all BeanPostProcessors (for example: not eligible for auto-proxying)
2023-12-17 21:07:06.379 [restartedMain] INFO  o.s.w.s.a.s.AnnotationActionEndpointMapping - Supporting [WS-Addressing August 2004, WS-Addressing 1.0]
2023-12-17 21:07:06.403 [restartedMain] INFO  o.s.b.w.e.tomcat.TomcatWebServer - Tomcat initialized with port(s): 8082 (http)
2023-12-17 21:07:06.403 [restartedMain] INFO  o.a.catalina.core.StandardService - Starting service [Tomcat]
2023-12-17 21:07:06.403 [restartedMain] INFO  o.a.catalina.core.StandardEngine - Starting Servlet engine: [Apache Tomcat/10.1.16]
2023-12-17 21:07:06.436 [restartedMain] INFO  o.a.c.c.C.[Tomcat].[localhost].[/] - Initializing Spring embedded WebApplicationContext
2023-12-17 21:07:06.437 [restartedMain] INFO  o.s.b.w.s.c.ServletWebServerApplicationContext - Root WebApplicationContext: initialization completed in 182 ms
2023-12-17 21:07:06.535 [restartedMain] WARN  c.b.m.core.metadata.TableInfoHelper - Can not find table primary key in Class: "org.java2.backend.entity.AnswerTagRelation".
2023-12-17 21:07:06.535 [restartedMain] WARN  c.b.m.c.injector.DefaultSqlInjector - class org.java2.backend.entity.AnswerTagRelation ,Not found @TableId annotation, Cannot use Mybatis-Plus 'xxById' Method.
2023-12-17 21:07:06.552 [restartedMain] WARN  c.b.m.core.metadata.TableInfoHelper - Can not find table primary key in Class: "org.java2.backend.entity.QuestionTagRelation".
2023-12-17 21:07:06.552 [restartedMain] WARN  c.b.m.c.injector.DefaultSqlInjector - class org.java2.backend.entity.QuestionTagRelation ,Not found @TableId annotation, Cannot use Mybatis-Plus 'xxById' Method.
2023-12-17 21:07:06.721 [restartedMain] INFO  o.s.b.d.a.OptionalLiveReloadServer - LiveReload server is running on port 35729
2023-12-17 21:07:06.735 [restartedMain] INFO  o.s.b.w.e.tomcat.TomcatWebServer - Tomcat started on port(s): 8082 (http) with context path ''
2023-12-17 21:07:06.738 [restartedMain] INFO  o.java2.backend.BackendApplication - Started BackendApplication in 0.505 seconds (process running for 1072.797)
2023-12-17 21:07:06.738 [restartedMain] INFO  o.s.b.d.a.ConditionEvaluationDeltaLoggingListener - Condition evaluation unchanged
2023-12-17 21:07:06.739 [restartedMain] INFO  org.java2.backend.common.ServerInfo - Server is running at http://localhost:8082
2023-12-17 21:07:06.739 [restartedMain] INFO  org.java2.backend.common.ServerInfo - Swagger is running at http://localhost:8082/swagger-ui/index.html
2023-12-17 21:08:19.938 [File Watcher] INFO  o.s.b.d.a.LocalDevToolsAutoConfiguration$RestartingClassPathChangeChangedEventListener - Restarting due to 1 class path change (0 additions, 1 deletion, 0 modifications)
2023-12-17 21:08:21.026 [Thread-19] WARN  o.apache.tomcat.util.net.NioEndpoint - Failed to unlock acceptor for [http-nio-8082] because the local address was not available
2023-12-17 21:08:21.025 [http-nio-8082-Acceptor] ERROR org.apache.tomcat.util.net.Acceptor - Socket accept failed
java.nio.channels.AsynchronousCloseException: null
	at java.base/java.nio.channels.spi.AbstractInterruptibleChannel.end(AbstractInterruptibleChannel.java:202)
	at java.base/sun.nio.ch.ServerSocketChannelImpl.end(ServerSocketChannelImpl.java:376)
	at java.base/sun.nio.ch.ServerSocketChannelImpl.accept(ServerSocketChannelImpl.java:399)
	at org.apache.tomcat.util.net.NioEndpoint.serverSocketAccept(NioEndpoint.java:521)
	at org.apache.tomcat.util.net.NioEndpoint.serverSocketAccept(NioEndpoint.java:79)
	at org.apache.tomcat.util.net.Acceptor.run(Acceptor.java:128)
	at java.base/java.lang.Thread.run(Thread.java:833)
2023-12-17 21:08:21.032 [Thread-19] INFO  o.a.catalina.core.StandardService - Stopping service [Tomcat]
2023-12-17 21:08:21.327 [restartedMain] INFO  o.java2.backend.BackendApplication - Starting BackendApplication using Java 17.0.3 with PID 39022 (/Users/user/Library/Mobile Documents/com~apple~CloudDocs/大三上/Java2/Lab/Lab11/CS209-Project/Backend/target/classes started by user in /Users/user/Library/Mobile Documents/com~apple~CloudDocs/大三上/Java2/Lab/Lab11/CS209-Project)
2023-12-17 21:08:21.328 [restartedMain] INFO  o.java2.backend.BackendApplication - No active profile set, falling back to 1 default profile: "default"
2023-12-17 21:08:21.664 [restartedMain] INFO  o.s.c.s.PostProcessorRegistrationDelegate$BeanPostProcessorChecker - Bean 'org.springframework.ws.config.annotation.DelegatingWsConfiguration' of type [org.springframework.ws.config.annotation.DelegatingWsConfiguration$$SpringCGLIB$$0] is not eligible for getting processed by all BeanPostProcessors (for example: not eligible for auto-proxying)
2023-12-17 21:08:21.666 [restartedMain] INFO  o.s.w.s.a.s.AnnotationActionEndpointMapping - Supporting [WS-Addressing August 2004, WS-Addressing 1.0]
2023-12-17 21:08:21.702 [restartedMain] INFO  o.s.b.w.e.tomcat.TomcatWebServer - Tomcat initialized with port(s): 8082 (http)
2023-12-17 21:08:21.702 [restartedMain] INFO  o.a.catalina.core.StandardService - Starting service [Tomcat]
2023-12-17 21:08:21.702 [restartedMain] INFO  o.a.catalina.core.StandardEngine - Starting Servlet engine: [Apache Tomcat/10.1.16]
2023-12-17 21:08:21.714 [restartedMain] INFO  o.a.c.c.C.[Tomcat].[localhost].[/] - Initializing Spring embedded WebApplicationContext
2023-12-17 21:08:21.714 [restartedMain] INFO  o.s.b.w.s.c.ServletWebServerApplicationContext - Root WebApplicationContext: initialization completed in 384 ms
2023-12-17 21:08:21.797 [restartedMain] WARN  c.b.m.core.metadata.TableInfoHelper - Can not find table primary key in Class: "org.java2.backend.entity.AnswerTagRelation".
2023-12-17 21:08:21.797 [restartedMain] WARN  c.b.m.c.injector.DefaultSqlInjector - class org.java2.backend.entity.AnswerTagRelation ,Not found @TableId annotation, Cannot use Mybatis-Plus 'xxById' Method.
2023-12-17 21:08:21.817 [restartedMain] WARN  c.b.m.core.metadata.TableInfoHelper - Can not find table primary key in Class: "org.java2.backend.entity.QuestionTagRelation".
2023-12-17 21:08:21.817 [restartedMain] WARN  c.b.m.c.injector.DefaultSqlInjector - class org.java2.backend.entity.QuestionTagRelation ,Not found @TableId annotation, Cannot use Mybatis-Plus 'xxById' Method.
2023-12-17 21:08:21.988 [restartedMain] INFO  o.s.b.d.a.OptionalLiveReloadServer - LiveReload server is running on port 35729
2023-12-17 21:08:22.001 [restartedMain] INFO  o.s.b.w.e.tomcat.TomcatWebServer - Tomcat started on port(s): 8082 (http) with context path ''
2023-12-17 21:08:22.003 [restartedMain] INFO  o.java2.backend.BackendApplication - Started BackendApplication in 0.761 seconds (process running for 1148.063)
2023-12-17 21:08:22.004 [restartedMain] INFO  o.s.b.d.a.ConditionEvaluationDeltaLoggingListener - Condition evaluation unchanged
2023-12-17 21:08:22.004 [restartedMain] INFO  org.java2.backend.common.ServerInfo - Server is running at http://localhost:8082
2023-12-17 21:08:22.004 [restartedMain] INFO  org.java2.backend.common.ServerInfo - Swagger is running at http://localhost:8082/swagger-ui/index.html
2023-12-17 21:08:23.416 [File Watcher] INFO  o.s.b.d.a.LocalDevToolsAutoConfiguration$RestartingClassPathChangeChangedEventListener - Restarting due to 1 class path change (1 addition, 0 deletions, 0 modifications)
2023-12-17 21:08:24.439 [Thread-23] WARN  o.apache.tomcat.util.net.NioEndpoint - Failed to unlock acceptor for [http-nio-8082] because the local address was not available
2023-12-17 21:08:24.439 [http-nio-8082-Acceptor] ERROR org.apache.tomcat.util.net.Acceptor - Socket accept failed
java.nio.channels.AsynchronousCloseException: null
	at java.base/java.nio.channels.spi.AbstractInterruptibleChannel.end(AbstractInterruptibleChannel.java:202)
	at java.base/sun.nio.ch.ServerSocketChannelImpl.end(ServerSocketChannelImpl.java:376)
	at java.base/sun.nio.ch.ServerSocketChannelImpl.accept(ServerSocketChannelImpl.java:399)
	at org.apache.tomcat.util.net.NioEndpoint.serverSocketAccept(NioEndpoint.java:521)
	at org.apache.tomcat.util.net.NioEndpoint.serverSocketAccept(NioEndpoint.java:79)
	at org.apache.tomcat.util.net.Acceptor.run(Acceptor.java:128)
	at java.base/java.lang.Thread.run(Thread.java:833)
2023-12-17 21:08:24.439 [Thread-23] INFO  o.a.catalina.core.StandardService - Stopping service [Tomcat]
2023-12-17 21:08:24.543 [restartedMain] INFO  o.java2.backend.BackendApplication - Starting BackendApplication using Java 17.0.3 with PID 39022 (/Users/user/Library/Mobile Documents/com~apple~CloudDocs/大三上/Java2/Lab/Lab11/CS209-Project/Backend/target/classes started by user in /Users/user/Library/Mobile Documents/com~apple~CloudDocs/大三上/Java2/Lab/Lab11/CS209-Project)
2023-12-17 21:08:24.543 [restartedMain] INFO  o.java2.backend.BackendApplication - No active profile set, falling back to 1 default profile: "default"
2023-12-17 21:08:24.658 [restartedMain] INFO  o.s.c.s.PostProcessorRegistrationDelegate$BeanPostProcessorChecker - Bean 'org.springframework.ws.config.annotation.DelegatingWsConfiguration' of type [org.springframework.ws.config.annotation.DelegatingWsConfiguration$$SpringCGLIB$$0] is not eligible for getting processed by all BeanPostProcessors (for example: not eligible for auto-proxying)
2023-12-17 21:08:24.658 [restartedMain] INFO  o.s.w.s.a.s.AnnotationActionEndpointMapping - Supporting [WS-Addressing August 2004, WS-Addressing 1.0]
2023-12-17 21:08:24.687 [restartedMain] INFO  o.s.b.w.e.tomcat.TomcatWebServer - Tomcat initialized with port(s): 8082 (http)
2023-12-17 21:08:24.687 [restartedMain] INFO  o.a.catalina.core.StandardService - Starting service [Tomcat]
2023-12-17 21:08:24.687 [restartedMain] INFO  o.a.catalina.core.StandardEngine - Starting Servlet engine: [Apache Tomcat/10.1.16]
2023-12-17 21:08:24.691 [restartedMain] INFO  o.a.c.c.C.[Tomcat].[localhost].[/] - Initializing Spring embedded WebApplicationContext
2023-12-17 21:08:24.691 [restartedMain] INFO  o.s.b.w.s.c.ServletWebServerApplicationContext - Root WebApplicationContext: initialization completed in 147 ms
2023-12-17 21:08:24.747 [restartedMain] WARN  c.b.m.core.metadata.TableInfoHelper - Can not find table primary key in Class: "org.java2.backend.entity.AnswerTagRelation".
2023-12-17 21:08:24.748 [restartedMain] WARN  c.b.m.c.injector.DefaultSqlInjector - class org.java2.backend.entity.AnswerTagRelation ,Not found @TableId annotation, Cannot use Mybatis-Plus 'xxById' Method.
2023-12-17 21:08:24.762 [restartedMain] WARN  c.b.m.core.metadata.TableInfoHelper - Can not find table primary key in Class: "org.java2.backend.entity.QuestionTagRelation".
2023-12-17 21:08:24.763 [restartedMain] WARN  c.b.m.c.injector.DefaultSqlInjector - class org.java2.backend.entity.QuestionTagRelation ,Not found @TableId annotation, Cannot use Mybatis-Plus 'xxById' Method.
2023-12-17 21:08:24.893 [restartedMain] INFO  o.s.b.d.a.OptionalLiveReloadServer - LiveReload server is running on port 35729
2023-12-17 21:08:24.904 [restartedMain] INFO  o.s.b.w.e.tomcat.TomcatWebServer - Tomcat started on port(s): 8082 (http) with context path ''
2023-12-17 21:08:24.906 [restartedMain] INFO  o.java2.backend.BackendApplication - Started BackendApplication in 0.38 seconds (process running for 1150.966)
2023-12-17 21:08:24.907 [restartedMain] INFO  o.s.b.d.a.ConditionEvaluationDeltaLoggingListener - Condition evaluation unchanged
2023-12-17 21:08:24.907 [restartedMain] INFO  org.java2.backend.common.ServerInfo - Server is running at http://localhost:8082
2023-12-17 21:08:24.907 [restartedMain] INFO  org.java2.backend.common.ServerInfo - Swagger is running at http://localhost:8082/swagger-ui/index.html
2023-12-17 21:11:55.656 [File Watcher] INFO  o.s.b.d.a.LocalDevToolsAutoConfiguration$RestartingClassPathChangeChangedEventListener - Restarting due to 1 class path change (0 additions, 1 deletion, 0 modifications)
2023-12-17 21:11:56.764 [Thread-27] WARN  o.apache.tomcat.util.net.NioEndpoint - Failed to unlock acceptor for [http-nio-8082] because the local address was not available
2023-12-17 21:11:56.766 [Thread-27] INFO  o.a.catalina.core.StandardService - Stopping service [Tomcat]
2023-12-17 21:11:56.764 [http-nio-8082-Acceptor] ERROR org.apache.tomcat.util.net.Acceptor - Socket accept failed
java.nio.channels.AsynchronousCloseException: null
	at java.base/java.nio.channels.spi.AbstractInterruptibleChannel.end(AbstractInterruptibleChannel.java:202)
	at java.base/sun.nio.ch.ServerSocketChannelImpl.end(ServerSocketChannelImpl.java:376)
	at java.base/sun.nio.ch.ServerSocketChannelImpl.accept(ServerSocketChannelImpl.java:399)
	at org.apache.tomcat.util.net.NioEndpoint.serverSocketAccept(NioEndpoint.java:521)
	at org.apache.tomcat.util.net.NioEndpoint.serverSocketAccept(NioEndpoint.java:79)
	at org.apache.tomcat.util.net.Acceptor.run(Acceptor.java:128)
	at java.base/java.lang.Thread.run(Thread.java:833)
2023-12-17 21:11:57.008 [restartedMain] INFO  o.java2.backend.BackendApplication - Starting BackendApplication using Java 17.0.3 with PID 39022 (/Users/user/Library/Mobile Documents/com~apple~CloudDocs/大三上/Java2/Lab/Lab11/CS209-Project/Backend/target/classes started by user in /Users/user/Library/Mobile Documents/com~apple~CloudDocs/大三上/Java2/Lab/Lab11/CS209-Project)
2023-12-17 21:11:57.008 [restartedMain] INFO  o.java2.backend.BackendApplication - No active profile set, falling back to 1 default profile: "default"
2023-12-17 21:11:57.230 [restartedMain] INFO  o.s.c.s.PostProcessorRegistrationDelegate$BeanPostProcessorChecker - Bean 'org.springframework.ws.config.annotation.DelegatingWsConfiguration' of type [org.springframework.ws.config.annotation.DelegatingWsConfiguration$$SpringCGLIB$$0] is not eligible for getting processed by all BeanPostProcessors (for example: not eligible for auto-proxying)
2023-12-17 21:11:57.231 [restartedMain] INFO  o.s.w.s.a.s.AnnotationActionEndpointMapping - Supporting [WS-Addressing August 2004, WS-Addressing 1.0]
2023-12-17 21:11:57.261 [restartedMain] INFO  o.s.b.w.e.tomcat.TomcatWebServer - Tomcat initialized with port(s): 8082 (http)
2023-12-17 21:11:57.262 [restartedMain] INFO  o.a.catalina.core.StandardService - Starting service [Tomcat]
2023-12-17 21:11:57.262 [restartedMain] INFO  o.a.catalina.core.StandardEngine - Starting Servlet engine: [Apache Tomcat/10.1.16]
2023-12-17 21:11:57.272 [restartedMain] INFO  o.a.c.c.C.[Tomcat].[localhost].[/] - Initializing Spring embedded WebApplicationContext
2023-12-17 21:11:57.272 [restartedMain] INFO  o.s.b.w.s.c.ServletWebServerApplicationContext - Root WebApplicationContext: initialization completed in 262 ms
2023-12-17 21:11:57.309 [restartedMain] WARN  c.b.m.core.metadata.TableInfoHelper - Can not find table primary key in Class: "org.java2.backend.entity.AnswerTagRelation".
2023-12-17 21:11:57.309 [restartedMain] WARN  c.b.m.c.injector.DefaultSqlInjector - class org.java2.backend.entity.AnswerTagRelation ,Not found @TableId annotation, Cannot use Mybatis-Plus 'xxById' Method.
2023-12-17 21:11:57.342 [restartedMain] WARN  c.b.m.core.metadata.TableInfoHelper - Can not find table primary key in Class: "org.java2.backend.entity.QuestionTagRelation".
2023-12-17 21:11:57.342 [restartedMain] WARN  c.b.m.c.injector.DefaultSqlInjector - class org.java2.backend.entity.QuestionTagRelation ,Not found @TableId annotation, Cannot use Mybatis-Plus 'xxById' Method.
2023-12-17 21:11:57.504 [restartedMain] INFO  o.s.b.d.a.OptionalLiveReloadServer - LiveReload server is running on port 35729
2023-12-17 21:11:57.521 [restartedMain] INFO  o.s.b.w.e.tomcat.TomcatWebServer - Tomcat started on port(s): 8082 (http) with context path ''
2023-12-17 21:11:57.525 [restartedMain] INFO  o.java2.backend.BackendApplication - Started BackendApplication in 0.547 seconds (process running for 1363.587)
2023-12-17 21:11:57.526 [restartedMain] INFO  o.s.b.d.a.ConditionEvaluationDeltaLoggingListener - Condition evaluation unchanged
2023-12-17 21:11:57.527 [restartedMain] INFO  org.java2.backend.common.ServerInfo - Server is running at http://localhost:8082
2023-12-17 21:11:57.527 [restartedMain] INFO  org.java2.backend.common.ServerInfo - Swagger is running at http://localhost:8082/swagger-ui/index.html
2023-12-17 21:14:57.189 [restartedMain] INFO  o.java2.backend.BackendApplication - Starting BackendApplication using Java 17.0.3 with PID 39931 (/Users/user/Library/Mobile Documents/com~apple~CloudDocs/大三上/Java2/Lab/Lab11/CS209-Project/Backend/target/classes started by user in /Users/user/Library/Mobile Documents/com~apple~CloudDocs/大三上/Java2/Lab/Lab11/CS209-Project)
2023-12-17 21:14:57.193 [restartedMain] INFO  o.java2.backend.BackendApplication - No active profile set, falling back to 1 default profile: "default"
2023-12-17 21:14:57.227 [restartedMain] INFO  o.s.b.d.e.DevToolsPropertyDefaultsPostProcessor - Devtools property defaults active! Set 'spring.devtools.add-properties' to 'false' to disable
2023-12-17 21:14:57.227 [restartedMain] INFO  o.s.b.d.e.DevToolsPropertyDefaultsPostProcessor - For additional web related logging consider setting the 'logging.level.web' property to 'DEBUG'
2023-12-17 21:14:57.806 [restartedMain] INFO  o.s.c.s.PostProcessorRegistrationDelegate$BeanPostProcessorChecker - Bean 'org.springframework.ws.config.annotation.DelegatingWsConfiguration' of type [org.springframework.ws.config.annotation.DelegatingWsConfiguration$$SpringCGLIB$$0] is not eligible for getting processed by all BeanPostProcessors (for example: not eligible for auto-proxying)
2023-12-17 21:14:57.818 [restartedMain] INFO  o.s.w.s.a.s.AnnotationActionEndpointMapping - Supporting [WS-Addressing August 2004, WS-Addressing 1.0]
2023-12-17 21:14:57.955 [restartedMain] INFO  o.s.b.w.e.tomcat.TomcatWebServer - Tomcat initialized with port(s): 8082 (http)
2023-12-17 21:14:57.959 [restartedMain] INFO  o.a.catalina.core.StandardService - Starting service [Tomcat]
2023-12-17 21:14:57.960 [restartedMain] INFO  o.a.catalina.core.StandardEngine - Starting Servlet engine: [Apache Tomcat/10.1.16]
2023-12-17 21:14:57.983 [restartedMain] INFO  o.a.c.c.C.[Tomcat].[localhost].[/] - Initializing Spring embedded WebApplicationContext
2023-12-17 21:14:57.983 [restartedMain] INFO  o.s.b.w.s.c.ServletWebServerApplicationContext - Root WebApplicationContext: initialization completed in 755 ms
2023-12-17 21:14:58.195 [restartedMain] WARN  c.b.m.core.metadata.TableInfoHelper - Can not find table primary key in Class: "org.java2.backend.entity.AnswerTagRelation".
2023-12-17 21:14:58.196 [restartedMain] WARN  c.b.m.c.injector.DefaultSqlInjector - class org.java2.backend.entity.AnswerTagRelation ,Not found @TableId annotation, Cannot use Mybatis-Plus 'xxById' Method.
2023-12-17 21:14:58.217 [restartedMain] WARN  c.b.m.core.metadata.TableInfoHelper - Can not find table primary key in Class: "org.java2.backend.entity.QuestionTagRelation".
2023-12-17 21:14:58.218 [restartedMain] WARN  c.b.m.c.injector.DefaultSqlInjector - class org.java2.backend.entity.QuestionTagRelation ,Not found @TableId annotation, Cannot use Mybatis-Plus 'xxById' Method.
2023-12-17 21:14:58.604 [restartedMain] INFO  o.s.b.d.a.OptionalLiveReloadServer - LiveReload server is running on port 35729
2023-12-17 21:14:58.626 [restartedMain] INFO  o.s.b.w.e.tomcat.TomcatWebServer - Tomcat started on port(s): 8082 (http) with context path ''
2023-12-17 21:14:58.633 [restartedMain] INFO  o.java2.backend.BackendApplication - Started BackendApplication in 1.788 seconds (process running for 2.194)
2023-12-17 21:14:58.634 [restartedMain] INFO  org.java2.backend.common.ServerInfo - Server is running at http://localhost:8082
2023-12-17 21:14:58.634 [restartedMain] INFO  org.java2.backend.common.ServerInfo - Swagger is running at http://localhost:8082/swagger-ui/index.html
2023-12-17 21:15:15.150 [http-nio-8082-exec-1] INFO  o.a.c.c.C.[Tomcat].[localhost].[/] - Initializing Spring DispatcherServlet 'dispatcherServlet'
2023-12-17 21:15:15.158 [http-nio-8082-exec-1] INFO  o.s.web.servlet.DispatcherServlet - Initializing Servlet 'dispatcherServlet'
2023-12-17 21:15:15.165 [http-nio-8082-exec-1] INFO  o.s.web.servlet.DispatcherServlet - Completed initialization in 7 ms
2023-12-17 21:15:15.645 [http-nio-8082-exec-3] INFO  o.s.api.AbstractOpenApiResource - Init duration for springdoc-openapi is: 270 ms
2023-12-17 21:15:17.493 [File Watcher] INFO  o.s.b.d.a.LocalDevToolsAutoConfiguration$RestartingClassPathChangeChangedEventListener - Restarting due to 1 class path change (0 additions, 1 deletion, 0 modifications)
2023-12-17 21:15:18.508 [Thread-5] WARN  o.apache.tomcat.util.net.NioEndpoint - Failed to unlock acceptor for [http-nio-8082] because the local address was not available
2023-12-17 21:15:18.509 [Thread-5] INFO  o.a.catalina.core.StandardService - Stopping service [Tomcat]
2023-12-17 21:15:18.511 [Thread-5] INFO  o.a.c.c.C.[Tomcat].[localhost].[/] - Destroying Spring FrameworkServlet 'dispatcherServlet'
2023-12-17 21:15:18.508 [http-nio-8082-Acceptor] ERROR org.apache.tomcat.util.net.Acceptor - Socket accept failed
java.nio.channels.AsynchronousCloseException: null
	at java.base/java.nio.channels.spi.AbstractInterruptibleChannel.end(AbstractInterruptibleChannel.java:202)
	at java.base/sun.nio.ch.ServerSocketChannelImpl.end(ServerSocketChannelImpl.java:376)
	at java.base/sun.nio.ch.ServerSocketChannelImpl.accept(ServerSocketChannelImpl.java:399)
	at org.apache.tomcat.util.net.NioEndpoint.serverSocketAccept(NioEndpoint.java:521)
	at org.apache.tomcat.util.net.NioEndpoint.serverSocketAccept(NioEndpoint.java:79)
	at org.apache.tomcat.util.net.Acceptor.run(Acceptor.java:128)
	at java.base/java.lang.Thread.run(Thread.java:833)
2023-12-17 21:15:18.597 [restartedMain] INFO  o.java2.backend.BackendApplication - Starting BackendApplication using Java 17.0.3 with PID 39931 (/Users/user/Library/Mobile Documents/com~apple~CloudDocs/大三上/Java2/Lab/Lab11/CS209-Project/Backend/target/classes started by user in /Users/user/Library/Mobile Documents/com~apple~CloudDocs/大三上/Java2/Lab/Lab11/CS209-Project)
2023-12-17 21:15:18.597 [restartedMain] INFO  o.java2.backend.BackendApplication - No active profile set, falling back to 1 default profile: "default"
2023-12-17 21:15:18.790 [restartedMain] INFO  o.s.c.s.PostProcessorRegistrationDelegate$BeanPostProcessorChecker - Bean 'org.springframework.ws.config.annotation.DelegatingWsConfiguration' of type [org.springframework.ws.config.annotation.DelegatingWsConfiguration$$SpringCGLIB$$0] is not eligible for getting processed by all BeanPostProcessors (for example: not eligible for auto-proxying)
2023-12-17 21:15:18.791 [restartedMain] INFO  o.s.w.s.a.s.AnnotationActionEndpointMapping - Supporting [WS-Addressing August 2004, WS-Addressing 1.0]
2023-12-17 21:15:18.823 [restartedMain] INFO  o.s.b.w.e.tomcat.TomcatWebServer - Tomcat initialized with port(s): 8082 (http)
2023-12-17 21:15:18.824 [restartedMain] INFO  o.a.catalina.core.StandardService - Starting service [Tomcat]
2023-12-17 21:15:18.824 [restartedMain] INFO  o.a.catalina.core.StandardEngine - Starting Servlet engine: [Apache Tomcat/10.1.16]
2023-12-17 21:15:18.839 [restartedMain] INFO  o.a.c.c.C.[Tomcat].[localhost].[/] - Initializing Spring embedded WebApplicationContext
2023-12-17 21:15:18.840 [restartedMain] INFO  o.s.b.w.s.c.ServletWebServerApplicationContext - Root WebApplicationContext: initialization completed in 242 ms
2023-12-17 21:15:18.914 [restartedMain] WARN  c.b.m.core.metadata.TableInfoHelper - Can not find table primary key in Class: "org.java2.backend.entity.AnswerTagRelation".
2023-12-17 21:15:18.914 [restartedMain] WARN  c.b.m.c.injector.DefaultSqlInjector - class org.java2.backend.entity.AnswerTagRelation ,Not found @TableId annotation, Cannot use Mybatis-Plus 'xxById' Method.
2023-12-17 21:15:18.960 [restartedMain] WARN  c.b.m.core.metadata.TableInfoHelper - Can not find table primary key in Class: "org.java2.backend.entity.QuestionTagRelation".
2023-12-17 21:15:18.960 [restartedMain] WARN  c.b.m.c.injector.DefaultSqlInjector - class org.java2.backend.entity.QuestionTagRelation ,Not found @TableId annotation, Cannot use Mybatis-Plus 'xxById' Method.
2023-12-17 21:15:19.226 [restartedMain] INFO  o.s.b.d.a.OptionalLiveReloadServer - LiveReload server is running on port 35729
2023-12-17 21:15:19.241 [restartedMain] INFO  o.s.b.w.e.tomcat.TomcatWebServer - Tomcat started on port(s): 8082 (http) with context path ''
2023-12-17 21:15:19.244 [restartedMain] INFO  o.java2.backend.BackendApplication - Started BackendApplication in 0.665 seconds (process running for 22.805)
2023-12-17 21:15:19.245 [restartedMain] INFO  o.s.b.d.a.ConditionEvaluationDeltaLoggingListener - Condition evaluation unchanged
2023-12-17 21:15:19.245 [restartedMain] INFO  org.java2.backend.common.ServerInfo - Server is running at http://localhost:8082
2023-12-17 21:15:19.246 [restartedMain] INFO  org.java2.backend.common.ServerInfo - Swagger is running at http://localhost:8082/swagger-ui/index.html
2023-12-17 21:15:20.648 [File Watcher] INFO  o.s.b.d.a.LocalDevToolsAutoConfiguration$RestartingClassPathChangeChangedEventListener - Restarting due to 1 class path change (1 addition, 0 deletions, 0 modifications)
2023-12-17 21:15:21.662 [Thread-7] WARN  o.apache.tomcat.util.net.NioEndpoint - Failed to unlock acceptor for [http-nio-8082] because the local address was not available
2023-12-17 21:15:21.662 [http-nio-8082-Acceptor] ERROR org.apache.tomcat.util.net.Acceptor - Socket accept failed
java.nio.channels.AsynchronousCloseException: null
	at java.base/java.nio.channels.spi.AbstractInterruptibleChannel.end(AbstractInterruptibleChannel.java:202)
	at java.base/sun.nio.ch.ServerSocketChannelImpl.end(ServerSocketChannelImpl.java:376)
	at java.base/sun.nio.ch.ServerSocketChannelImpl.accept(ServerSocketChannelImpl.java:399)
	at org.apache.tomcat.util.net.NioEndpoint.serverSocketAccept(NioEndpoint.java:521)
	at org.apache.tomcat.util.net.NioEndpoint.serverSocketAccept(NioEndpoint.java:79)
	at org.apache.tomcat.util.net.Acceptor.run(Acceptor.java:128)
	at java.base/java.lang.Thread.run(Thread.java:833)
2023-12-17 21:15:21.663 [Thread-7] INFO  o.a.catalina.core.StandardService - Stopping service [Tomcat]
2023-12-17 21:15:21.756 [restartedMain] INFO  o.java2.backend.BackendApplication - Starting BackendApplication using Java 17.0.3 with PID 39931 (/Users/user/Library/Mobile Documents/com~apple~CloudDocs/大三上/Java2/Lab/Lab11/CS209-Project/Backend/target/classes started by user in /Users/user/Library/Mobile Documents/com~apple~CloudDocs/大三上/Java2/Lab/Lab11/CS209-Project)
2023-12-17 21:15:21.756 [restartedMain] INFO  o.java2.backend.BackendApplication - No active profile set, falling back to 1 default profile: "default"
2023-12-17 21:15:21.895 [restartedMain] INFO  o.s.c.s.PostProcessorRegistrationDelegate$BeanPostProcessorChecker - Bean 'org.springframework.ws.config.annotation.DelegatingWsConfiguration' of type [org.springframework.ws.config.annotation.DelegatingWsConfiguration$$SpringCGLIB$$0] is not eligible for getting processed by all BeanPostProcessors (for example: not eligible for auto-proxying)
2023-12-17 21:15:21.896 [restartedMain] INFO  o.s.w.s.a.s.AnnotationActionEndpointMapping - Supporting [WS-Addressing August 2004, WS-Addressing 1.0]
2023-12-17 21:15:21.931 [restartedMain] INFO  o.s.b.w.e.tomcat.TomcatWebServer - Tomcat initialized with port(s): 8082 (http)
2023-12-17 21:15:21.932 [restartedMain] INFO  o.a.catalina.core.StandardService - Starting service [Tomcat]
2023-12-17 21:15:21.932 [restartedMain] INFO  o.a.catalina.core.StandardEngine - Starting Servlet engine: [Apache Tomcat/10.1.16]
2023-12-17 21:15:21.937 [restartedMain] INFO  o.a.c.c.C.[Tomcat].[localhost].[/] - Initializing Spring embedded WebApplicationContext
2023-12-17 21:15:21.938 [restartedMain] INFO  o.s.b.w.s.c.ServletWebServerApplicationContext - Root WebApplicationContext: initialization completed in 181 ms
2023-12-17 21:15:21.993 [restartedMain] WARN  c.b.m.core.metadata.TableInfoHelper - Can not find table primary key in Class: "org.java2.backend.entity.AnswerTagRelation".
2023-12-17 21:15:21.994 [restartedMain] WARN  c.b.m.c.injector.DefaultSqlInjector - class org.java2.backend.entity.AnswerTagRelation ,Not found @TableId annotation, Cannot use Mybatis-Plus 'xxById' Method.
2023-12-17 21:15:22.010 [restartedMain] WARN  c.b.m.core.metadata.TableInfoHelper - Can not find table primary key in Class: "org.java2.backend.entity.QuestionTagRelation".
2023-12-17 21:15:22.011 [restartedMain] WARN  c.b.m.c.injector.DefaultSqlInjector - class org.java2.backend.entity.QuestionTagRelation ,Not found @TableId annotation, Cannot use Mybatis-Plus 'xxById' Method.
2023-12-17 21:15:22.173 [restartedMain] INFO  o.s.b.d.a.OptionalLiveReloadServer - LiveReload server is running on port 35729
2023-12-17 21:15:22.187 [restartedMain] INFO  o.s.b.w.e.tomcat.TomcatWebServer - Tomcat started on port(s): 8082 (http) with context path ''
2023-12-17 21:15:22.190 [restartedMain] INFO  o.java2.backend.BackendApplication - Started BackendApplication in 0.453 seconds (process running for 25.752)
2023-12-17 21:15:22.191 [restartedMain] INFO  o.s.b.d.a.ConditionEvaluationDeltaLoggingListener - Condition evaluation unchanged
2023-12-17 21:15:22.191 [restartedMain] INFO  org.java2.backend.common.ServerInfo - Server is running at http://localhost:8082
2023-12-17 21:15:22.191 [restartedMain] INFO  org.java2.backend.common.ServerInfo - Swagger is running at http://localhost:8082/swagger-ui/index.html
2023-12-17 21:15:34.047 [http-nio-8082-exec-1] INFO  o.a.c.c.C.[Tomcat].[localhost].[/] - Initializing Spring DispatcherServlet 'dispatcherServlet'
2023-12-17 21:15:34.051 [http-nio-8082-exec-1] INFO  o.s.web.servlet.DispatcherServlet - Initializing Servlet 'dispatcherServlet'
2023-12-17 21:15:34.059 [http-nio-8082-exec-1] INFO  o.s.web.servlet.DispatcherServlet - Completed initialization in 8 ms
2023-12-17 21:15:34.064 [http-nio-8082-exec-1] INFO  o.j.backend.controller.BugController - Request Specific Exception Info
2023-12-17 21:15:34.119 [http-nio-8082-exec-1] INFO  com.zaxxer.hikari.HikariDataSource - HikariPool-1 - Starting...
2023-12-17 21:15:34.495 [http-nio-8082-exec-1] INFO  com.zaxxer.hikari.pool.HikariPool - HikariPool-1 - Added connection com.mysql.cj.jdbc.ConnectionImpl@2d63f6ef
2023-12-17 21:15:34.496 [http-nio-8082-exec-1] INFO  com.zaxxer.hikari.HikariDataSource - HikariPool-1 - Start completed.
2023-12-17 21:19:30.602 [File Watcher] INFO  o.s.b.d.a.LocalDevToolsAutoConfiguration$RestartingClassPathChangeChangedEventListener - Restarting due to 1 class path change (0 additions, 0 deletions, 1 modification)
2023-12-17 21:19:31.787 [Thread-11] WARN  o.apache.tomcat.util.net.NioEndpoint - Failed to unlock acceptor for [http-nio-8082] because the local address was not available
2023-12-17 21:19:31.786 [http-nio-8082-Acceptor] ERROR org.apache.tomcat.util.net.Acceptor - Socket accept failed
java.nio.channels.AsynchronousCloseException: null
	at java.base/java.nio.channels.spi.AbstractInterruptibleChannel.end(AbstractInterruptibleChannel.java:202)
	at java.base/sun.nio.ch.ServerSocketChannelImpl.end(ServerSocketChannelImpl.java:376)
	at java.base/sun.nio.ch.ServerSocketChannelImpl.accept(ServerSocketChannelImpl.java:399)
	at org.apache.tomcat.util.net.NioEndpoint.serverSocketAccept(NioEndpoint.java:521)
	at org.apache.tomcat.util.net.NioEndpoint.serverSocketAccept(NioEndpoint.java:79)
	at org.apache.tomcat.util.net.Acceptor.run(Acceptor.java:128)
	at java.base/java.lang.Thread.run(Thread.java:833)
2023-12-17 21:19:31.788 [Thread-11] INFO  o.a.catalina.core.StandardService - Stopping service [Tomcat]
2023-12-17 21:19:31.792 [Thread-11] INFO  o.a.c.c.C.[Tomcat].[localhost].[/] - Destroying Spring FrameworkServlet 'dispatcherServlet'
2023-12-17 21:19:31.811 [Thread-11] WARN  o.a.c.loader.WebappClassLoaderBase - The web application [ROOT] appears to have started a thread named [HikariPool-1 housekeeper] but has failed to stop it. This is very likely to create a memory leak. Stack trace of thread:
 java.base@17.0.3/jdk.internal.misc.Unsafe.park(Native Method)
 java.base@17.0.3/java.util.concurrent.locks.LockSupport.parkNanos(LockSupport.java:252)
 java.base@17.0.3/java.util.concurrent.locks.AbstractQueuedSynchronizer$ConditionObject.awaitNanos(AbstractQueuedSynchronizer.java:1672)
 java.base@17.0.3/java.util.concurrent.ScheduledThreadPoolExecutor$DelayedWorkQueue.take(ScheduledThreadPoolExecutor.java:1182)
 java.base@17.0.3/java.util.concurrent.ScheduledThreadPoolExecutor$DelayedWorkQueue.take(ScheduledThreadPoolExecutor.java:899)
 java.base@17.0.3/java.util.concurrent.ThreadPoolExecutor.getTask(ThreadPoolExecutor.java:1062)
 java.base@17.0.3/java.util.concurrent.ThreadPoolExecutor.runWorker(ThreadPoolExecutor.java:1122)
 java.base@17.0.3/java.util.concurrent.ThreadPoolExecutor$Worker.run(ThreadPoolExecutor.java:635)
 java.base@17.0.3/java.lang.Thread.run(Thread.java:833)
2023-12-17 21:19:31.827 [Thread-11] INFO  com.zaxxer.hikari.HikariDataSource - HikariPool-1 - Shutdown initiated...
2023-12-17 21:19:31.889 [Thread-11] INFO  com.zaxxer.hikari.HikariDataSource - HikariPool-1 - Shutdown completed.
2023-12-17 21:19:31.986 [restartedMain] INFO  o.java2.backend.BackendApplication - Starting BackendApplication using Java 17.0.3 with PID 39931 (/Users/user/Library/Mobile Documents/com~apple~CloudDocs/大三上/Java2/Lab/Lab11/CS209-Project/Backend/target/classes started by user in /Users/user/Library/Mobile Documents/com~apple~CloudDocs/大三上/Java2/Lab/Lab11/CS209-Project)
2023-12-17 21:19:31.986 [restartedMain] INFO  o.java2.backend.BackendApplication - No active profile set, falling back to 1 default profile: "default"
2023-12-17 21:19:32.279 [restartedMain] INFO  o.s.c.s.PostProcessorRegistrationDelegate$BeanPostProcessorChecker - Bean 'org.springframework.ws.config.annotation.DelegatingWsConfiguration' of type [org.springframework.ws.config.annotation.DelegatingWsConfiguration$$SpringCGLIB$$0] is not eligible for getting processed by all BeanPostProcessors (for example: not eligible for auto-proxying)
2023-12-17 21:19:32.280 [restartedMain] INFO  o.s.w.s.a.s.AnnotationActionEndpointMapping - Supporting [WS-Addressing August 2004, WS-Addressing 1.0]
2023-12-17 21:19:32.319 [restartedMain] INFO  o.s.b.w.e.tomcat.TomcatWebServer - Tomcat initialized with port(s): 8082 (http)
2023-12-17 21:19:32.319 [restartedMain] INFO  o.a.catalina.core.StandardService - Starting service [Tomcat]
2023-12-17 21:19:32.319 [restartedMain] INFO  o.a.catalina.core.StandardEngine - Starting Servlet engine: [Apache Tomcat/10.1.16]
2023-12-17 21:19:32.324 [restartedMain] INFO  o.a.c.c.C.[Tomcat].[localhost].[/] - Initializing Spring embedded WebApplicationContext
2023-12-17 21:19:32.324 [restartedMain] INFO  o.s.b.w.s.c.ServletWebServerApplicationContext - Root WebApplicationContext: initialization completed in 335 ms
2023-12-17 21:19:32.387 [restartedMain] WARN  c.b.m.core.metadata.TableInfoHelper - Can not find table primary key in Class: "org.java2.backend.entity.AnswerTagRelation".
2023-12-17 21:19:32.387 [restartedMain] WARN  c.b.m.c.injector.DefaultSqlInjector - class org.java2.backend.entity.AnswerTagRelation ,Not found @TableId annotation, Cannot use Mybatis-Plus 'xxById' Method.
2023-12-17 21:19:32.403 [restartedMain] WARN  c.b.m.core.metadata.TableInfoHelper - Can not find table primary key in Class: "org.java2.backend.entity.QuestionTagRelation".
2023-12-17 21:19:32.403 [restartedMain] WARN  c.b.m.c.injector.DefaultSqlInjector - class org.java2.backend.entity.QuestionTagRelation ,Not found @TableId annotation, Cannot use Mybatis-Plus 'xxById' Method.
2023-12-17 21:19:32.566 [restartedMain] INFO  o.s.b.d.a.OptionalLiveReloadServer - LiveReload server is running on port 35729
2023-12-17 21:19:32.578 [restartedMain] INFO  o.s.b.w.e.tomcat.TomcatWebServer - Tomcat started on port(s): 8082 (http) with context path ''
2023-12-17 21:19:32.581 [restartedMain] INFO  o.java2.backend.BackendApplication - Started BackendApplication in 0.632 seconds (process running for 276.144)
2023-12-17 21:19:32.582 [restartedMain] INFO  o.s.b.d.a.ConditionEvaluationDeltaLoggingListener - Condition evaluation unchanged
2023-12-17 21:19:32.583 [restartedMain] INFO  org.java2.backend.common.ServerInfo - Server is running at http://localhost:8082
2023-12-17 21:19:32.583 [restartedMain] INFO  org.java2.backend.common.ServerInfo - Swagger is running at http://localhost:8082/swagger-ui/index.html
2023-12-17 21:19:33.474 [http-nio-8082-exec-1] INFO  o.a.c.c.C.[Tomcat].[localhost].[/] - Initializing Spring DispatcherServlet 'dispatcherServlet'
2023-12-17 21:19:33.474 [http-nio-8082-exec-1] INFO  o.s.web.servlet.DispatcherServlet - Initializing Servlet 'dispatcherServlet'
2023-12-17 21:19:33.477 [http-nio-8082-exec-1] INFO  o.s.web.servlet.DispatcherServlet - Completed initialization in 3 ms
2023-12-17 21:19:33.483 [http-nio-8082-exec-1] INFO  o.j.backend.controller.BugController - Request Specific Exception Info
2023-12-17 21:19:33.484 [http-nio-8082-exec-1] INFO  com.zaxxer.hikari.HikariDataSource - HikariPool-2 - Starting...
2023-12-17 21:19:33.562 [http-nio-8082-exec-1] INFO  com.zaxxer.hikari.pool.HikariPool - HikariPool-2 - Added connection com.mysql.cj.jdbc.ConnectionImpl@3844e7d9
2023-12-17 21:19:33.564 [http-nio-8082-exec-1] INFO  com.zaxxer.hikari.HikariDataSource - HikariPool-2 - Start completed.
2023-12-17 21:19:39.114 [http-nio-8082-exec-2] INFO  o.j.backend.controller.BugController - Request Specific Exception Info
2023-12-17 21:19:44.501 [http-nio-8082-exec-3] INFO  o.j.backend.controller.BugController - Request Specific Exception Info
2023-12-17 21:21:06.129 [http-nio-8082-exec-5] INFO  o.j.backend.controller.BugController - Request Specific Exception Info
2023-12-17 21:21:08.606 [File Watcher] INFO  o.s.b.d.a.LocalDevToolsAutoConfiguration$RestartingClassPathChangeChangedEventListener - Restarting due to 1 class path change (0 additions, 0 deletions, 1 modification)
2023-12-17 21:21:09.650 [http-nio-8082-Acceptor] ERROR org.apache.tomcat.util.net.Acceptor - Socket accept failed
java.nio.channels.AsynchronousCloseException: null
	at java.base/java.nio.channels.spi.AbstractInterruptibleChannel.end(AbstractInterruptibleChannel.java:202)
	at java.base/sun.nio.ch.ServerSocketChannelImpl.end(ServerSocketChannelImpl.java:376)
	at java.base/sun.nio.ch.ServerSocketChannelImpl.accept(ServerSocketChannelImpl.java:399)
	at org.apache.tomcat.util.net.NioEndpoint.serverSocketAccept(NioEndpoint.java:521)
	at org.apache.tomcat.util.net.NioEndpoint.serverSocketAccept(NioEndpoint.java:79)
	at org.apache.tomcat.util.net.Acceptor.run(Acceptor.java:128)
	at java.base/java.lang.Thread.run(Thread.java:833)
2023-12-17 21:21:09.660 [Thread-15] WARN  o.apache.tomcat.util.net.NioEndpoint - Failed to unlock acceptor for [http-nio-8082] because the local address was not available
2023-12-17 21:21:09.662 [Thread-15] INFO  o.a.catalina.core.StandardService - Stopping service [Tomcat]
2023-12-17 21:21:09.665 [Thread-15] INFO  o.a.c.c.C.[Tomcat].[localhost].[/] - Destroying Spring FrameworkServlet 'dispatcherServlet'
2023-12-17 21:21:09.677 [Thread-15] WARN  o.a.c.loader.WebappClassLoaderBase - The web application [ROOT] appears to have started a thread named [HikariPool-2 housekeeper] but has failed to stop it. This is very likely to create a memory leak. Stack trace of thread:
 java.base@17.0.3/jdk.internal.misc.Unsafe.park(Native Method)
 java.base@17.0.3/java.util.concurrent.locks.LockSupport.parkNanos(LockSupport.java:252)
 java.base@17.0.3/java.util.concurrent.locks.AbstractQueuedSynchronizer$ConditionObject.awaitNanos(AbstractQueuedSynchronizer.java:1672)
 java.base@17.0.3/java.util.concurrent.ScheduledThreadPoolExecutor$DelayedWorkQueue.take(ScheduledThreadPoolExecutor.java:1182)
 java.base@17.0.3/java.util.concurrent.ScheduledThreadPoolExecutor$DelayedWorkQueue.take(ScheduledThreadPoolExecutor.java:899)
 java.base@17.0.3/java.util.concurrent.ThreadPoolExecutor.getTask(ThreadPoolExecutor.java:1062)
 java.base@17.0.3/java.util.concurrent.ThreadPoolExecutor.runWorker(ThreadPoolExecutor.java:1122)
 java.base@17.0.3/java.util.concurrent.ThreadPoolExecutor$Worker.run(ThreadPoolExecutor.java:635)
 java.base@17.0.3/java.lang.Thread.run(Thread.java:833)
2023-12-17 21:21:09.688 [Thread-15] INFO  com.zaxxer.hikari.HikariDataSource - HikariPool-2 - Shutdown initiated...
2023-12-17 21:21:09.706 [Thread-15] INFO  com.zaxxer.hikari.HikariDataSource - HikariPool-2 - Shutdown completed.
2023-12-17 21:21:09.869 [restartedMain] INFO  o.java2.backend.BackendApplication - Starting BackendApplication using Java 17.0.3 with PID 39931 (/Users/user/Library/Mobile Documents/com~apple~CloudDocs/大三上/Java2/Lab/Lab11/CS209-Project/Backend/target/classes started by user in /Users/user/Library/Mobile Documents/com~apple~CloudDocs/大三上/Java2/Lab/Lab11/CS209-Project)
2023-12-17 21:21:09.869 [restartedMain] INFO  o.java2.backend.BackendApplication - No active profile set, falling back to 1 default profile: "default"
2023-12-17 21:21:10.146 [restartedMain] INFO  o.s.c.s.PostProcessorRegistrationDelegate$BeanPostProcessorChecker - Bean 'org.springframework.ws.config.annotation.DelegatingWsConfiguration' of type [org.springframework.ws.config.annotation.DelegatingWsConfiguration$$SpringCGLIB$$0] is not eligible for getting processed by all BeanPostProcessors (for example: not eligible for auto-proxying)
2023-12-17 21:21:10.146 [restartedMain] INFO  o.s.w.s.a.s.AnnotationActionEndpointMapping - Supporting [WS-Addressing August 2004, WS-Addressing 1.0]
2023-12-17 21:21:10.175 [restartedMain] INFO  o.s.b.w.e.tomcat.TomcatWebServer - Tomcat initialized with port(s): 8082 (http)
2023-12-17 21:21:10.183 [restartedMain] INFO  o.a.catalina.core.StandardService - Starting service [Tomcat]
2023-12-17 21:21:10.190 [restartedMain] INFO  o.a.catalina.core.StandardEngine - Starting Servlet engine: [Apache Tomcat/10.1.16]
2023-12-17 21:21:10.195 [restartedMain] INFO  o.a.c.c.C.[Tomcat].[localhost].[/] - Initializing Spring embedded WebApplicationContext
2023-12-17 21:21:10.195 [restartedMain] INFO  o.s.b.w.s.c.ServletWebServerApplicationContext - Root WebApplicationContext: initialization completed in 316 ms
2023-12-17 21:21:10.260 [restartedMain] WARN  c.b.m.core.metadata.TableInfoHelper - Can not find table primary key in Class: "org.java2.backend.entity.AnswerTagRelation".
2023-12-17 21:21:10.260 [restartedMain] WARN  c.b.m.c.injector.DefaultSqlInjector - class org.java2.backend.entity.AnswerTagRelation ,Not found @TableId annotation, Cannot use Mybatis-Plus 'xxById' Method.
2023-12-17 21:21:10.276 [restartedMain] WARN  c.b.m.core.metadata.TableInfoHelper - Can not find table primary key in Class: "org.java2.backend.entity.QuestionTagRelation".
2023-12-17 21:21:10.276 [restartedMain] WARN  c.b.m.c.injector.DefaultSqlInjector - class org.java2.backend.entity.QuestionTagRelation ,Not found @TableId annotation, Cannot use Mybatis-Plus 'xxById' Method.
2023-12-17 21:21:10.452 [restartedMain] INFO  o.s.b.d.a.OptionalLiveReloadServer - LiveReload server is running on port 35729
2023-12-17 21:21:10.464 [restartedMain] INFO  o.s.b.w.e.tomcat.TomcatWebServer - Tomcat started on port(s): 8082 (http) with context path ''
2023-12-17 21:21:10.467 [restartedMain] INFO  o.java2.backend.BackendApplication - Started BackendApplication in 0.698 seconds (process running for 374.031)
2023-12-17 21:21:10.468 [restartedMain] INFO  o.s.b.d.a.ConditionEvaluationDeltaLoggingListener - Condition evaluation unchanged
2023-12-17 21:21:10.468 [restartedMain] INFO  org.java2.backend.common.ServerInfo - Server is running at http://localhost:8082
2023-12-17 21:21:10.468 [restartedMain] INFO  org.java2.backend.common.ServerInfo - Swagger is running at http://localhost:8082/swagger-ui/index.html
2023-12-17 21:21:12.020 [http-nio-8082-exec-1] INFO  o.a.c.c.C.[Tomcat].[localhost].[/] - Initializing Spring DispatcherServlet 'dispatcherServlet'
2023-12-17 21:21:12.021 [http-nio-8082-exec-1] INFO  o.s.web.servlet.DispatcherServlet - Initializing Servlet 'dispatcherServlet'
2023-12-17 21:21:12.043 [http-nio-8082-exec-1] INFO  o.s.web.servlet.DispatcherServlet - Completed initialization in 22 ms
2023-12-17 21:21:12.048 [http-nio-8082-exec-1] INFO  o.j.backend.controller.BugController - Request Specific Exception Info
2023-12-17 21:21:12.049 [http-nio-8082-exec-1] INFO  com.zaxxer.hikari.HikariDataSource - HikariPool-3 - Starting...
2023-12-17 21:21:12.087 [http-nio-8082-exec-1] INFO  com.zaxxer.hikari.pool.HikariPool - HikariPool-3 - Added connection com.mysql.cj.jdbc.ConnectionImpl@5512c51f
2023-12-17 21:21:12.087 [http-nio-8082-exec-1] INFO  com.zaxxer.hikari.HikariDataSource - HikariPool-3 - Start completed.
2023-12-17 21:22:22.655 [http-nio-8082-exec-3] INFO  o.j.backend.controller.BugController - Request Specific Exception Info
2023-12-17 21:22:31.771 [http-nio-8082-exec-4] INFO  o.j.backend.controller.BugController - Request Specific Exception Info
2023-12-17 21:23:03.673 [SpringApplicationShutdownHook] INFO  com.zaxxer.hikari.HikariDataSource - HikariPool-3 - Shutdown initiated...
2023-12-17 21:23:03.723 [SpringApplicationShutdownHook] INFO  com.zaxxer.hikari.HikariDataSource - HikariPool-3 - Shutdown completed.
